0 info it worked if it ends with ok
1 verbose cli [ 'C:\\Program Files\\nodejs\\node.exe',
1 verbose cli   'C:\\Users\\ian\\AppData\\Roaming\\npm\\node_modules\\npm\\bin\\npm-cli.js',
1 verbose cli   'install',
1 verbose cli   'express',
1 verbose cli   '--save' ]
2 info using npm@3.7.2
3 info using node@v4.2.6
4 silly loadCurrentTree Starting
5 silly install loadCurrentTree
6 silly install readLocalPackageData
7 silly fetchPackageMetaData express
8 silly fetchNamedPackageData express
9 silly mapToRegistry name express
10 silly mapToRegistry using default registry
11 silly mapToRegistry registry https://registry.npmjs.org/
12 silly mapToRegistry uri https://registry.npmjs.org/express
13 verbose request uri https://registry.npmjs.org/express
14 verbose request no auth needed
15 info attempt registry request try #1 at 11:24:24 PM
16 verbose request id 804e746536010751
17 verbose etag "9ESE5UWW4WZQZ92KMQ4GVNYA9"
18 http request GET https://registry.npmjs.org/express
19 http 304 https://registry.npmjs.org/express
20 verbose headers { date: 'Wed, 17 Feb 2016 20:24:24 GMT',
20 verbose headers   via: '1.1 varnish',
20 verbose headers   'cache-control': 'max-age=300',
20 verbose headers   etag: '"9ESE5UWW4WZQZ92KMQ4GVNYA9"',
20 verbose headers   age: '0',
20 verbose headers   connection: 'keep-alive',
20 verbose headers   'x-served-by': 'cache-lcy1123-LCY',
20 verbose headers   'x-cache': 'HIT',
20 verbose headers   'x-cache-hits': '1',
20 verbose headers   'x-timer': 'S1455740664.522352,VS0,VE637',
20 verbose headers   vary: 'Accept' }
21 silly get cb [ 304,
21 silly get   { date: 'Wed, 17 Feb 2016 20:24:24 GMT',
21 silly get     via: '1.1 varnish',
21 silly get     'cache-control': 'max-age=300',
21 silly get     etag: '"9ESE5UWW4WZQZ92KMQ4GVNYA9"',
21 silly get     age: '0',
21 silly get     connection: 'keep-alive',
21 silly get     'x-served-by': 'cache-lcy1123-LCY',
21 silly get     'x-cache': 'HIT',
21 silly get     'x-cache-hits': '1',
21 silly get     'x-timer': 'S1455740664.522352,VS0,VE637',
21 silly get     vary: 'Accept' } ]
22 verbose etag https://registry.npmjs.org/express from cache
23 verbose get saving express to C:\Users\ian\AppData\Roaming\npm-cache\registry.npmjs.org\express\.cache.json
24 verbose correctMkdir C:\Users\ian\AppData\Roaming\npm-cache correctMkdir not in flight; initializing
25 silly install normalizeTree
26 silly loadCurrentTree Finishing
27 silly loadIdealTree Starting
28 silly install loadIdealTree
29 silly cloneCurrentTree Starting
30 silly install cloneCurrentTreeToIdealTree
31 silly cloneCurrentTree Finishing
32 silly loadShrinkwrap Starting
33 silly install loadShrinkwrap
34 silly loadShrinkwrap Finishing
35 silly loadAllDepsIntoIdealTree Starting
36 silly install loadAllDepsIntoIdealTree
37 silly resolveWithNewModule express@4.13.4 checking installable status
38 silly cache add args [ 'express', null ]
39 verbose cache add spec express
40 silly cache add parsed spec Result {
40 silly cache add   raw: 'express',
40 silly cache add   scope: null,
40 silly cache add   name: 'express',
40 silly cache add   rawSpec: '',
40 silly cache add   spec: 'latest',
40 silly cache add   type: 'tag' }
41 silly addNamed express@latest
42 verbose addNamed "latest" is being treated as a dist-tag for express
43 info addNameTag [ 'express', 'latest' ]
44 silly mapToRegistry name express
45 silly mapToRegistry using default registry
46 silly mapToRegistry registry https://registry.npmjs.org/
47 silly mapToRegistry uri https://registry.npmjs.org/express
48 verbose addNameTag registry:https://registry.npmjs.org/express not in flight; fetching
49 verbose get https://registry.npmjs.org/express not expired, no request
50 silly addNameTag next cb for express with tag latest
51 silly addNamed express@4.13.4
52 verbose addNamed "4.13.4" is a plain semver version for express
53 silly cache afterAdd express@4.13.4
54 verbose afterAdd C:\Users\ian\AppData\Roaming\npm-cache\express\4.13.4\package\package.json not in flight; writing
55 verbose correctMkdir C:\Users\ian\AppData\Roaming\npm-cache correctMkdir not in flight; initializing
56 verbose afterAdd C:\Users\ian\AppData\Roaming\npm-cache\express\4.13.4\package\package.json written
57 silly fetchNamedPackageData finalhandler
58 silly mapToRegistry name finalhandler
59 silly mapToRegistry using default registry
60 silly mapToRegistry registry https://registry.npmjs.org/
61 silly mapToRegistry uri https://registry.npmjs.org/finalhandler
62 silly fetchNamedPackageData send
63 silly mapToRegistry name send
64 silly mapToRegistry using default registry
65 silly mapToRegistry registry https://registry.npmjs.org/
66 silly mapToRegistry uri https://registry.npmjs.org/send
67 silly fetchNamedPackageData serve-static
68 silly mapToRegistry name serve-static
69 silly mapToRegistry using default registry
70 silly mapToRegistry registry https://registry.npmjs.org/
71 silly mapToRegistry uri https://registry.npmjs.org/serve-static
72 silly fetchNamedPackageData type-is
73 silly mapToRegistry name type-is
74 silly mapToRegistry using default registry
75 silly mapToRegistry registry https://registry.npmjs.org/
76 silly mapToRegistry uri https://registry.npmjs.org/type-is
77 silly fetchNamedPackageData utils-merge
78 silly mapToRegistry name utils-merge
79 silly mapToRegistry using default registry
80 silly mapToRegistry registry https://registry.npmjs.org/
81 silly mapToRegistry uri https://registry.npmjs.org/utils-merge
82 silly fetchNamedPackageData vary
83 silly mapToRegistry name vary
84 silly mapToRegistry using default registry
85 silly mapToRegistry registry https://registry.npmjs.org/
86 silly mapToRegistry uri https://registry.npmjs.org/vary
87 verbose request uri https://registry.npmjs.org/finalhandler
88 verbose request no auth needed
89 info attempt registry request try #1 at 11:24:26 PM
90 verbose etag "EM4WSCMWWJ0BJTE1AR7IHT7LD"
91 http request GET https://registry.npmjs.org/finalhandler
92 verbose request uri https://registry.npmjs.org/send
93 verbose request no auth needed
94 info attempt registry request try #1 at 11:24:26 PM
95 verbose etag "TMGAP6YA1PW258ZYI7XCCC8L"
96 http request GET https://registry.npmjs.org/send
97 verbose request uri https://registry.npmjs.org/serve-static
98 verbose request no auth needed
99 info attempt registry request try #1 at 11:24:26 PM
100 verbose etag "AC8PCSO1B219HJ7HINRL12BBT"
101 http request GET https://registry.npmjs.org/serve-static
102 verbose request uri https://registry.npmjs.org/type-is
103 verbose request no auth needed
104 info attempt registry request try #1 at 11:24:26 PM
105 verbose etag "ETHL5X9GPU8FAK8HUP5YBA1KL"
106 http request GET https://registry.npmjs.org/type-is
107 verbose request uri https://registry.npmjs.org/utils-merge
108 verbose request no auth needed
109 info attempt registry request try #1 at 11:24:26 PM
110 verbose etag "2ADZRMWMWURG65J1I1PZGOZ1N"
111 http request GET https://registry.npmjs.org/utils-merge
112 verbose request uri https://registry.npmjs.org/vary
113 verbose request no auth needed
114 info attempt registry request try #1 at 11:24:26 PM
115 verbose etag "D7QOWHXM2YTZYZABWP9TCDNPO"
116 http request GET https://registry.npmjs.org/vary
117 http 304 https://registry.npmjs.org/finalhandler
118 verbose headers { date: 'Wed, 17 Feb 2016 20:24:26 GMT',
118 verbose headers   via: '1.1 varnish',
118 verbose headers   'cache-control': 'max-age=300',
118 verbose headers   etag: '"EM4WSCMWWJ0BJTE1AR7IHT7LD"',
118 verbose headers   age: '180',
118 verbose headers   connection: 'keep-alive',
118 verbose headers   'x-served-by': 'cache-lcy1129-LCY',
118 verbose headers   'x-cache': 'HIT',
118 verbose headers   'x-cache-hits': '6',
118 verbose headers   'x-timer': 'S1455740666.400672,VS0,VE0',
118 verbose headers   vary: 'Accept' }
119 silly get cb [ 304,
119 silly get   { date: 'Wed, 17 Feb 2016 20:24:26 GMT',
119 silly get     via: '1.1 varnish',
119 silly get     'cache-control': 'max-age=300',
119 silly get     etag: '"EM4WSCMWWJ0BJTE1AR7IHT7LD"',
119 silly get     age: '180',
119 silly get     connection: 'keep-alive',
119 silly get     'x-served-by': 'cache-lcy1129-LCY',
119 silly get     'x-cache': 'HIT',
119 silly get     'x-cache-hits': '6',
119 silly get     'x-timer': 'S1455740666.400672,VS0,VE0',
119 silly get     vary: 'Accept' } ]
120 verbose etag https://registry.npmjs.org/finalhandler from cache
121 verbose get saving finalhandler to C:\Users\ian\AppData\Roaming\npm-cache\registry.npmjs.org\finalhandler\.cache.json
122 verbose correctMkdir C:\Users\ian\AppData\Roaming\npm-cache correctMkdir not in flight; initializing
123 http 304 https://registry.npmjs.org/send
124 verbose headers { date: 'Wed, 17 Feb 2016 20:24:26 GMT',
124 verbose headers   via: '1.1 varnish',
124 verbose headers   'cache-control': 'max-age=300',
124 verbose headers   etag: '"TMGAP6YA1PW258ZYI7XCCC8L"',
124 verbose headers   age: '118',
124 verbose headers   connection: 'keep-alive',
124 verbose headers   'x-served-by': 'cache-lcy1133-LCY',
124 verbose headers   'x-cache': 'HIT',
124 verbose headers   'x-cache-hits': '3',
124 verbose headers   'x-timer': 'S1455740666.396946,VS0,VE0',
124 verbose headers   vary: 'Accept' }
125 silly get cb [ 304,
125 silly get   { date: 'Wed, 17 Feb 2016 20:24:26 GMT',
125 silly get     via: '1.1 varnish',
125 silly get     'cache-control': 'max-age=300',
125 silly get     etag: '"TMGAP6YA1PW258ZYI7XCCC8L"',
125 silly get     age: '118',
125 silly get     connection: 'keep-alive',
125 silly get     'x-served-by': 'cache-lcy1133-LCY',
125 silly get     'x-cache': 'HIT',
125 silly get     'x-cache-hits': '3',
125 silly get     'x-timer': 'S1455740666.396946,VS0,VE0',
125 silly get     vary: 'Accept' } ]
126 verbose etag https://registry.npmjs.org/send from cache
127 verbose get saving send to C:\Users\ian\AppData\Roaming\npm-cache\registry.npmjs.org\send\.cache.json
128 verbose correctMkdir C:\Users\ian\AppData\Roaming\npm-cache correctMkdir not in flight; initializing
129 http 304 https://registry.npmjs.org/serve-static
130 verbose headers { date: 'Wed, 17 Feb 2016 20:24:26 GMT',
130 verbose headers   via: '1.1 varnish',
130 verbose headers   'cache-control': 'max-age=300',
130 verbose headers   etag: '"AC8PCSO1B219HJ7HINRL12BBT"',
130 verbose headers   age: '206',
130 verbose headers   connection: 'keep-alive',
130 verbose headers   'x-served-by': 'cache-lcy1122-LCY',
130 verbose headers   'x-cache': 'HIT',
130 verbose headers   'x-cache-hits': '5',
130 verbose headers   'x-timer': 'S1455740666.402590,VS0,VE0',
130 verbose headers   vary: 'Accept' }
131 silly get cb [ 304,
131 silly get   { date: 'Wed, 17 Feb 2016 20:24:26 GMT',
131 silly get     via: '1.1 varnish',
131 silly get     'cache-control': 'max-age=300',
131 silly get     etag: '"AC8PCSO1B219HJ7HINRL12BBT"',
131 silly get     age: '206',
131 silly get     connection: 'keep-alive',
131 silly get     'x-served-by': 'cache-lcy1122-LCY',
131 silly get     'x-cache': 'HIT',
131 silly get     'x-cache-hits': '5',
131 silly get     'x-timer': 'S1455740666.402590,VS0,VE0',
131 silly get     vary: 'Accept' } ]
132 verbose etag https://registry.npmjs.org/serve-static from cache
133 verbose get saving serve-static to C:\Users\ian\AppData\Roaming\npm-cache\registry.npmjs.org\serve-static\.cache.json
134 verbose correctMkdir C:\Users\ian\AppData\Roaming\npm-cache correctMkdir not in flight; initializing
135 http 304 https://registry.npmjs.org/utils-merge
136 verbose headers { date: 'Wed, 17 Feb 2016 20:24:26 GMT',
136 verbose headers   via: '1.1 varnish',
136 verbose headers   'cache-control': 'max-age=300',
136 verbose headers   etag: '"2ADZRMWMWURG65J1I1PZGOZ1N"',
136 verbose headers   age: '187',
136 verbose headers   connection: 'keep-alive',
136 verbose headers   'x-served-by': 'cache-lcy1124-LCY',
136 verbose headers   'x-cache': 'HIT',
136 verbose headers   'x-cache-hits': '2',
136 verbose headers   'x-timer': 'S1455740666.410052,VS0,VE0',
136 verbose headers   vary: 'Accept' }
137 silly get cb [ 304,
137 silly get   { date: 'Wed, 17 Feb 2016 20:24:26 GMT',
137 silly get     via: '1.1 varnish',
137 silly get     'cache-control': 'max-age=300',
137 silly get     etag: '"2ADZRMWMWURG65J1I1PZGOZ1N"',
137 silly get     age: '187',
137 silly get     connection: 'keep-alive',
137 silly get     'x-served-by': 'cache-lcy1124-LCY',
137 silly get     'x-cache': 'HIT',
137 silly get     'x-cache-hits': '2',
137 silly get     'x-timer': 'S1455740666.410052,VS0,VE0',
137 silly get     vary: 'Accept' } ]
138 verbose etag https://registry.npmjs.org/utils-merge from cache
139 verbose get saving utils-merge to C:\Users\ian\AppData\Roaming\npm-cache\registry.npmjs.org\utils-merge\.cache.json
140 verbose correctMkdir C:\Users\ian\AppData\Roaming\npm-cache correctMkdir not in flight; initializing
141 http 304 https://registry.npmjs.org/vary
142 verbose headers { date: 'Wed, 17 Feb 2016 20:24:26 GMT',
142 verbose headers   via: '1.1 varnish',
142 verbose headers   'cache-control': 'max-age=300',
142 verbose headers   etag: '"D7QOWHXM2YTZYZABWP9TCDNPO"',
142 verbose headers   age: '46',
142 verbose headers   connection: 'keep-alive',
142 verbose headers   'x-served-by': 'cache-lcy1125-LCY',
142 verbose headers   'x-cache': 'HIT',
142 verbose headers   'x-cache-hits': '2',
142 verbose headers   'x-timer': 'S1455740666.406492,VS0,VE0',
142 verbose headers   vary: 'Accept' }
143 silly get cb [ 304,
143 silly get   { date: 'Wed, 17 Feb 2016 20:24:26 GMT',
143 silly get     via: '1.1 varnish',
143 silly get     'cache-control': 'max-age=300',
143 silly get     etag: '"D7QOWHXM2YTZYZABWP9TCDNPO"',
143 silly get     age: '46',
143 silly get     connection: 'keep-alive',
143 silly get     'x-served-by': 'cache-lcy1125-LCY',
143 silly get     'x-cache': 'HIT',
143 silly get     'x-cache-hits': '2',
143 silly get     'x-timer': 'S1455740666.406492,VS0,VE0',
143 silly get     vary: 'Accept' } ]
144 verbose etag https://registry.npmjs.org/vary from cache
145 verbose get saving vary to C:\Users\ian\AppData\Roaming\npm-cache\registry.npmjs.org\vary\.cache.json
146 verbose correctMkdir C:\Users\ian\AppData\Roaming\npm-cache correctMkdir not in flight; initializing
147 http 304 https://registry.npmjs.org/type-is
148 verbose headers { date: 'Wed, 17 Feb 2016 20:24:26 GMT',
148 verbose headers   via: '1.1 varnish',
148 verbose headers   'cache-control': 'max-age=300',
148 verbose headers   etag: '"ETHL5X9GPU8FAK8HUP5YBA1KL"',
148 verbose headers   age: '176',
148 verbose headers   connection: 'keep-alive',
148 verbose headers   'x-served-by': 'cache-lcy1126-LCY',
148 verbose headers   'x-cache': 'HIT',
148 verbose headers   'x-cache-hits': '1',
148 verbose headers   'x-timer': 'S1455740666.408899,VS0,VE0',
148 verbose headers   vary: 'Accept' }
149 silly get cb [ 304,
149 silly get   { date: 'Wed, 17 Feb 2016 20:24:26 GMT',
149 silly get     via: '1.1 varnish',
149 silly get     'cache-control': 'max-age=300',
149 silly get     etag: '"ETHL5X9GPU8FAK8HUP5YBA1KL"',
149 silly get     age: '176',
149 silly get     connection: 'keep-alive',
149 silly get     'x-served-by': 'cache-lcy1126-LCY',
149 silly get     'x-cache': 'HIT',
149 silly get     'x-cache-hits': '1',
149 silly get     'x-timer': 'S1455740666.408899,VS0,VE0',
149 silly get     vary: 'Accept' } ]
150 verbose etag https://registry.npmjs.org/type-is from cache
151 verbose get saving type-is to C:\Users\ian\AppData\Roaming\npm-cache\registry.npmjs.org\type-is\.cache.json
152 verbose correctMkdir C:\Users\ian\AppData\Roaming\npm-cache correctMkdir not in flight; initializing
153 silly resolveWithNewModule finalhandler@0.4.1 checking installable status
154 silly cache add args [ 'finalhandler@0.4.1', null ]
155 verbose cache add spec finalhandler@0.4.1
156 silly cache add parsed spec Result {
156 silly cache add   raw: 'finalhandler@0.4.1',
156 silly cache add   scope: null,
156 silly cache add   name: 'finalhandler',
156 silly cache add   rawSpec: '0.4.1',
156 silly cache add   spec: '0.4.1',
156 silly cache add   type: 'version' }
157 silly addNamed finalhandler@0.4.1
158 verbose addNamed "0.4.1" is a plain semver version for finalhandler
159 silly mapToRegistry name finalhandler
160 silly mapToRegistry using default registry
161 silly mapToRegistry registry https://registry.npmjs.org/
162 silly mapToRegistry uri https://registry.npmjs.org/finalhandler
163 verbose addNameVersion registry:https://registry.npmjs.org/finalhandler not in flight; fetching
164 silly resolveWithNewModule send@0.13.1 checking installable status
165 silly cache add args [ 'send@0.13.1', null ]
166 verbose cache add spec send@0.13.1
167 silly cache add parsed spec Result {
167 silly cache add   raw: 'send@0.13.1',
167 silly cache add   scope: null,
167 silly cache add   name: 'send',
167 silly cache add   rawSpec: '0.13.1',
167 silly cache add   spec: '0.13.1',
167 silly cache add   type: 'version' }
168 silly addNamed send@0.13.1
169 verbose addNamed "0.13.1" is a plain semver version for send
170 silly mapToRegistry name send
171 silly mapToRegistry using default registry
172 silly mapToRegistry registry https://registry.npmjs.org/
173 silly mapToRegistry uri https://registry.npmjs.org/send
174 verbose addNameVersion registry:https://registry.npmjs.org/send not in flight; fetching
175 silly resolveWithNewModule utils-merge@1.0.0 checking installable status
176 silly cache add args [ 'utils-merge@1.0.0', null ]
177 verbose cache add spec utils-merge@1.0.0
178 silly cache add parsed spec Result {
178 silly cache add   raw: 'utils-merge@1.0.0',
178 silly cache add   scope: null,
178 silly cache add   name: 'utils-merge',
178 silly cache add   rawSpec: '1.0.0',
178 silly cache add   spec: '1.0.0',
178 silly cache add   type: 'version' }
179 silly addNamed utils-merge@1.0.0
180 verbose addNamed "1.0.0" is a plain semver version for utils-merge
181 silly mapToRegistry name utils-merge
182 silly mapToRegistry using default registry
183 silly mapToRegistry registry https://registry.npmjs.org/
184 silly mapToRegistry uri https://registry.npmjs.org/utils-merge
185 verbose addNameVersion registry:https://registry.npmjs.org/utils-merge not in flight; fetching
186 silly resolveWithNewModule serve-static@1.10.2 checking installable status
187 silly cache add args [ 'serve-static@~1.10.2', null ]
188 verbose cache add spec serve-static@~1.10.2
189 silly cache add parsed spec Result {
189 silly cache add   raw: 'serve-static@~1.10.2',
189 silly cache add   scope: null,
189 silly cache add   name: 'serve-static',
189 silly cache add   rawSpec: '~1.10.2',
189 silly cache add   spec: '>=1.10.2 <1.11.0',
189 silly cache add   type: 'range' }
190 silly addNamed serve-static@>=1.10.2 <1.11.0
191 verbose addNamed ">=1.10.2 <1.11.0" is a valid semver range for serve-static
192 silly addNameRange { name: 'serve-static',
192 silly addNameRange   range: '>=1.10.2 <1.11.0',
192 silly addNameRange   hasData: false }
193 silly mapToRegistry name serve-static
194 silly mapToRegistry using default registry
195 silly mapToRegistry registry https://registry.npmjs.org/
196 silly mapToRegistry uri https://registry.npmjs.org/serve-static
197 verbose addNameRange registry:https://registry.npmjs.org/serve-static not in flight; fetching
198 silly resolveWithNewModule vary@1.0.1 checking installable status
199 silly cache add args [ 'vary@~1.0.1', null ]
200 verbose cache add spec vary@~1.0.1
201 silly cache add parsed spec Result {
201 silly cache add   raw: 'vary@~1.0.1',
201 silly cache add   scope: null,
201 silly cache add   name: 'vary',
201 silly cache add   rawSpec: '~1.0.1',
201 silly cache add   spec: '>=1.0.1 <1.1.0',
201 silly cache add   type: 'range' }
202 silly addNamed vary@>=1.0.1 <1.1.0
203 verbose addNamed ">=1.0.1 <1.1.0" is a valid semver range for vary
204 silly addNameRange { name: 'vary', range: '>=1.0.1 <1.1.0', hasData: false }
205 silly mapToRegistry name vary
206 silly mapToRegistry using default registry
207 silly mapToRegistry registry https://registry.npmjs.org/
208 silly mapToRegistry uri https://registry.npmjs.org/vary
209 verbose addNameRange registry:https://registry.npmjs.org/vary not in flight; fetching
210 verbose get https://registry.npmjs.org/finalhandler not expired, no request
211 verbose get https://registry.npmjs.org/send not expired, no request
212 verbose get https://registry.npmjs.org/utils-merge not expired, no request
213 silly resolveWithNewModule type-is@1.6.11 checking installable status
214 silly cache add args [ 'type-is@~1.6.6', null ]
215 verbose cache add spec type-is@~1.6.6
216 silly cache add parsed spec Result {
216 silly cache add   raw: 'type-is@~1.6.6',
216 silly cache add   scope: null,
216 silly cache add   name: 'type-is',
216 silly cache add   rawSpec: '~1.6.6',
216 silly cache add   spec: '>=1.6.6 <1.7.0',
216 silly cache add   type: 'range' }
217 silly addNamed type-is@>=1.6.6 <1.7.0
218 verbose addNamed ">=1.6.6 <1.7.0" is a valid semver range for type-is
219 silly addNameRange { name: 'type-is', range: '>=1.6.6 <1.7.0', hasData: false }
220 silly mapToRegistry name type-is
221 silly mapToRegistry using default registry
222 silly mapToRegistry registry https://registry.npmjs.org/
223 silly mapToRegistry uri https://registry.npmjs.org/type-is
224 verbose addNameRange registry:https://registry.npmjs.org/type-is not in flight; fetching
225 verbose get https://registry.npmjs.org/serve-static not expired, no request
226 silly addNameRange number 2 { name: 'serve-static',
226 silly addNameRange   range: '>=1.10.2 <1.11.0',
226 silly addNameRange   hasData: true }
227 silly addNameRange versions [ 'serve-static',
227 silly addNameRange   [ '1.0.0',
227 silly addNameRange     '1.0.1',
227 silly addNameRange     '1.0.2',
227 silly addNameRange     '1.0.3',
227 silly addNameRange     '1.0.4',
227 silly addNameRange     '1.1.0',
227 silly addNameRange     '1.2.0',
227 silly addNameRange     '1.2.1',
227 silly addNameRange     '1.2.2',
227 silly addNameRange     '1.2.3',
227 silly addNameRange     '1.3.0',
227 silly addNameRange     '1.3.1',
227 silly addNameRange     '1.3.2',
227 silly addNameRange     '1.4.0',
227 silly addNameRange     '1.4.1',
227 silly addNameRange     '1.4.2',
227 silly addNameRange     '1.4.3',
227 silly addNameRange     '1.4.4',
227 silly addNameRange     '1.5.0',
227 silly addNameRange     '1.5.1',
227 silly addNameRange     '1.5.2',
227 silly addNameRange     '1.5.3',
227 silly addNameRange     '1.5.4',
227 silly addNameRange     '1.6.0',
227 silly addNameRange     '1.6.1',
227 silly addNameRange     '1.6.2',
227 silly addNameRange     '1.6.3',
227 silly addNameRange     '1.6.4',
227 silly addNameRange     '1.7.0',
227 silly addNameRange     '1.7.1',
227 silly addNameRange     '1.7.2',
227 silly addNameRange     '1.8.0',
227 silly addNameRange     '1.8.1',
227 silly addNameRange     '1.6.5',
227 silly addNameRange     '1.9.0',
227 silly addNameRange     '1.9.1',
227 silly addNameRange     '1.9.2',
227 silly addNameRange     '1.9.3',
227 silly addNameRange     '1.10.0',
227 silly addNameRange     '1.10.1',
227 silly addNameRange     '1.10.2' ] ]
228 silly addNamed serve-static@1.10.2
229 verbose addNamed "1.10.2" is a plain semver version for serve-static
230 verbose get https://registry.npmjs.org/vary not expired, no request
231 silly addNameRange number 2 { name: 'vary', range: '>=1.0.1 <1.1.0', hasData: true }
232 silly addNameRange versions [ 'vary', [ '0.0.0', '0.1.0', '1.0.0', '1.0.1', '1.1.0' ] ]
233 silly addNamed vary@1.0.1
234 verbose addNamed "1.0.1" is a plain semver version for vary
235 silly cache afterAdd finalhandler@0.4.1
236 verbose afterAdd C:\Users\ian\AppData\Roaming\npm-cache\finalhandler\0.4.1\package\package.json not in flight; writing
237 verbose correctMkdir C:\Users\ian\AppData\Roaming\npm-cache correctMkdir not in flight; initializing
238 silly cache afterAdd send@0.13.1
239 verbose afterAdd C:\Users\ian\AppData\Roaming\npm-cache\send\0.13.1\package\package.json not in flight; writing
240 verbose correctMkdir C:\Users\ian\AppData\Roaming\npm-cache correctMkdir not in flight; initializing
241 verbose get https://registry.npmjs.org/type-is not expired, no request
242 silly addNameRange number 2 { name: 'type-is', range: '>=1.6.6 <1.7.0', hasData: true }
243 silly addNameRange versions [ 'type-is',
243 silly addNameRange   [ '1.0.0',
243 silly addNameRange     '1.0.1',
243 silly addNameRange     '1.1.0',
243 silly addNameRange     '1.2.0',
243 silly addNameRange     '1.2.1',
243 silly addNameRange     '1.2.2',
243 silly addNameRange     '1.3.0',
243 silly addNameRange     '1.3.1',
243 silly addNameRange     '1.3.2',
243 silly addNameRange     '1.4.0',
243 silly addNameRange     '1.5.0',
243 silly addNameRange     '1.5.1',
243 silly addNameRange     '1.5.2',
243 silly addNameRange     '1.5.3',
243 silly addNameRange     '1.5.4',
243 silly addNameRange     '1.5.5',
243 silly addNameRange     '1.5.6',
243 silly addNameRange     '1.5.7',
243 silly addNameRange     '1.6.0',
243 silly addNameRange     '1.6.1',
243 silly addNameRange     '1.6.2',
243 silly addNameRange     '1.6.3',
243 silly addNameRange     '1.6.4',
243 silly addNameRange     '1.6.5',
243 silly addNameRange     '1.6.6',
243 silly addNameRange     '1.6.7',
243 silly addNameRange     '1.6.8',
243 silly addNameRange     '1.6.9',
243 silly addNameRange     '1.6.10',
243 silly addNameRange     '1.6.11' ] ]
244 silly addNamed type-is@1.6.11
245 verbose addNamed "1.6.11" is a plain semver version for type-is
246 silly cache afterAdd utils-merge@1.0.0
247 verbose afterAdd C:\Users\ian\AppData\Roaming\npm-cache\utils-merge\1.0.0\package\package.json not in flight; writing
248 verbose correctMkdir C:\Users\ian\AppData\Roaming\npm-cache correctMkdir not in flight; initializing
249 silly cache afterAdd serve-static@1.10.2
250 verbose afterAdd C:\Users\ian\AppData\Roaming\npm-cache\serve-static\1.10.2\package\package.json not in flight; writing
251 verbose correctMkdir C:\Users\ian\AppData\Roaming\npm-cache correctMkdir not in flight; initializing
252 silly cache afterAdd vary@1.0.1
253 verbose afterAdd C:\Users\ian\AppData\Roaming\npm-cache\vary\1.0.1\package\package.json not in flight; writing
254 verbose correctMkdir C:\Users\ian\AppData\Roaming\npm-cache correctMkdir not in flight; initializing
255 verbose afterAdd C:\Users\ian\AppData\Roaming\npm-cache\finalhandler\0.4.1\package\package.json written
256 verbose afterAdd C:\Users\ian\AppData\Roaming\npm-cache\send\0.13.1\package\package.json written
257 silly cache afterAdd type-is@1.6.11
258 verbose afterAdd C:\Users\ian\AppData\Roaming\npm-cache\type-is\1.6.11\package\package.json not in flight; writing
259 verbose correctMkdir C:\Users\ian\AppData\Roaming\npm-cache correctMkdir not in flight; initializing
260 verbose afterAdd C:\Users\ian\AppData\Roaming\npm-cache\vary\1.0.1\package\package.json written
261 verbose afterAdd C:\Users\ian\AppData\Roaming\npm-cache\utils-merge\1.0.0\package\package.json written
262 verbose afterAdd C:\Users\ian\AppData\Roaming\npm-cache\serve-static\1.10.2\package\package.json written
263 verbose afterAdd C:\Users\ian\AppData\Roaming\npm-cache\type-is\1.6.11\package\package.json written
264 silly fetchNamedPackageData unpipe
265 silly mapToRegistry name unpipe
266 silly mapToRegistry using default registry
267 silly mapToRegistry registry https://registry.npmjs.org/
268 silly mapToRegistry uri https://registry.npmjs.org/unpipe
269 verbose request uri https://registry.npmjs.org/unpipe
270 verbose request no auth needed
271 info attempt registry request try #1 at 11:24:27 PM
272 verbose etag "DND474O8B0RXBZOJNUAWLUERQ"
273 http request GET https://registry.npmjs.org/unpipe
274 http 304 https://registry.npmjs.org/unpipe
275 verbose headers { date: 'Wed, 17 Feb 2016 20:24:27 GMT',
275 verbose headers   via: '1.1 varnish',
275 verbose headers   'cache-control': 'max-age=300',
275 verbose headers   etag: '"DND474O8B0RXBZOJNUAWLUERQ"',
275 verbose headers   age: '179',
275 verbose headers   connection: 'keep-alive',
275 verbose headers   'x-served-by': 'cache-lcy1130-LCY',
275 verbose headers   'x-cache': 'HIT',
275 verbose headers   'x-cache-hits': '7',
275 verbose headers   'x-timer': 'S1455740667.097911,VS0,VE0',
275 verbose headers   vary: 'Accept' }
276 silly get cb [ 304,
276 silly get   { date: 'Wed, 17 Feb 2016 20:24:27 GMT',
276 silly get     via: '1.1 varnish',
276 silly get     'cache-control': 'max-age=300',
276 silly get     etag: '"DND474O8B0RXBZOJNUAWLUERQ"',
276 silly get     age: '179',
276 silly get     connection: 'keep-alive',
276 silly get     'x-served-by': 'cache-lcy1130-LCY',
276 silly get     'x-cache': 'HIT',
276 silly get     'x-cache-hits': '7',
276 silly get     'x-timer': 'S1455740667.097911,VS0,VE0',
276 silly get     vary: 'Accept' } ]
277 verbose etag https://registry.npmjs.org/unpipe from cache
278 verbose get saving unpipe to C:\Users\ian\AppData\Roaming\npm-cache\registry.npmjs.org\unpipe\.cache.json
279 verbose correctMkdir C:\Users\ian\AppData\Roaming\npm-cache correctMkdir not in flight; initializing
280 silly resolveWithNewModule unpipe@1.0.0 checking installable status
281 silly cache add args [ 'unpipe@~1.0.0', null ]
282 verbose cache add spec unpipe@~1.0.0
283 silly cache add parsed spec Result {
283 silly cache add   raw: 'unpipe@~1.0.0',
283 silly cache add   scope: null,
283 silly cache add   name: 'unpipe',
283 silly cache add   rawSpec: '~1.0.0',
283 silly cache add   spec: '>=1.0.0 <1.1.0',
283 silly cache add   type: 'range' }
284 silly addNamed unpipe@>=1.0.0 <1.1.0
285 verbose addNamed ">=1.0.0 <1.1.0" is a valid semver range for unpipe
286 silly addNameRange { name: 'unpipe', range: '>=1.0.0 <1.1.0', hasData: false }
287 silly mapToRegistry name unpipe
288 silly mapToRegistry using default registry
289 silly mapToRegistry registry https://registry.npmjs.org/
290 silly mapToRegistry uri https://registry.npmjs.org/unpipe
291 verbose addNameRange registry:https://registry.npmjs.org/unpipe not in flight; fetching
292 verbose get https://registry.npmjs.org/unpipe not expired, no request
293 silly addNameRange number 2 { name: 'unpipe', range: '>=1.0.0 <1.1.0', hasData: true }
294 silly addNameRange versions [ 'unpipe', [ '1.0.0' ] ]
295 silly addNamed unpipe@1.0.0
296 verbose addNamed "1.0.0" is a plain semver version for unpipe
297 silly cache afterAdd unpipe@1.0.0
298 verbose afterAdd C:\Users\ian\AppData\Roaming\npm-cache\unpipe\1.0.0\package\package.json not in flight; writing
299 verbose correctMkdir C:\Users\ian\AppData\Roaming\npm-cache correctMkdir not in flight; initializing
300 verbose afterAdd C:\Users\ian\AppData\Roaming\npm-cache\unpipe\1.0.0\package\package.json written
301 silly fetchNamedPackageData destroy
302 silly mapToRegistry name destroy
303 silly mapToRegistry using default registry
304 silly mapToRegistry registry https://registry.npmjs.org/
305 silly mapToRegistry uri https://registry.npmjs.org/destroy
306 silly fetchNamedPackageData http-errors
307 silly mapToRegistry name http-errors
308 silly mapToRegistry using default registry
309 silly mapToRegistry registry https://registry.npmjs.org/
310 silly mapToRegistry uri https://registry.npmjs.org/http-errors
311 silly fetchNamedPackageData mime
312 silly mapToRegistry name mime
313 silly mapToRegistry using default registry
314 silly mapToRegistry registry https://registry.npmjs.org/
315 silly mapToRegistry uri https://registry.npmjs.org/mime
316 silly fetchNamedPackageData statuses
317 silly mapToRegistry name statuses
318 silly mapToRegistry using default registry
319 silly mapToRegistry registry https://registry.npmjs.org/
320 silly mapToRegistry uri https://registry.npmjs.org/statuses
321 verbose request uri https://registry.npmjs.org/destroy
322 verbose request no auth needed
323 info attempt registry request try #1 at 11:24:27 PM
324 verbose etag "2NWZIK35W498C0J58EVAI3KHZ"
325 http request GET https://registry.npmjs.org/destroy
326 verbose request uri https://registry.npmjs.org/http-errors
327 verbose request no auth needed
328 info attempt registry request try #1 at 11:24:27 PM
329 verbose etag "CGS2MA42SNXG8F9YYDR3BHRZS"
330 http request GET https://registry.npmjs.org/http-errors
331 verbose request uri https://registry.npmjs.org/mime
332 verbose request no auth needed
333 info attempt registry request try #1 at 11:24:27 PM
334 verbose etag "CV32D5GJ8KZXN1C8D6OFXS12S"
335 http request GET https://registry.npmjs.org/mime
336 verbose request uri https://registry.npmjs.org/statuses
337 verbose request no auth needed
338 info attempt registry request try #1 at 11:24:27 PM
339 verbose etag "BG8HZ156WTTTOVONEJ2Q7S95F"
340 http request GET https://registry.npmjs.org/statuses
341 http 304 https://registry.npmjs.org/http-errors
342 verbose headers { date: 'Wed, 17 Feb 2016 20:24:27 GMT',
342 verbose headers   via: '1.1 varnish',
342 verbose headers   'cache-control': 'max-age=300',
342 verbose headers   etag: '"CGS2MA42SNXG8F9YYDR3BHRZS"',
342 verbose headers   age: '160',
342 verbose headers   connection: 'keep-alive',
342 verbose headers   'x-served-by': 'cache-lcy1128-LCY',
342 verbose headers   'x-cache': 'HIT',
342 verbose headers   'x-cache-hits': '4',
342 verbose headers   'x-timer': 'S1455740667.695473,VS0,VE0',
342 verbose headers   vary: 'Accept' }
343 silly get cb [ 304,
343 silly get   { date: 'Wed, 17 Feb 2016 20:24:27 GMT',
343 silly get     via: '1.1 varnish',
343 silly get     'cache-control': 'max-age=300',
343 silly get     etag: '"CGS2MA42SNXG8F9YYDR3BHRZS"',
343 silly get     age: '160',
343 silly get     connection: 'keep-alive',
343 silly get     'x-served-by': 'cache-lcy1128-LCY',
343 silly get     'x-cache': 'HIT',
343 silly get     'x-cache-hits': '4',
343 silly get     'x-timer': 'S1455740667.695473,VS0,VE0',
343 silly get     vary: 'Accept' } ]
344 verbose etag https://registry.npmjs.org/http-errors from cache
345 verbose get saving http-errors to C:\Users\ian\AppData\Roaming\npm-cache\registry.npmjs.org\http-errors\.cache.json
346 verbose correctMkdir C:\Users\ian\AppData\Roaming\npm-cache correctMkdir not in flight; initializing
347 http 304 https://registry.npmjs.org/destroy
348 verbose headers { date: 'Wed, 17 Feb 2016 20:24:27 GMT',
348 verbose headers   via: '1.1 varnish',
348 verbose headers   'cache-control': 'max-age=300',
348 verbose headers   etag: '"2NWZIK35W498C0J58EVAI3KHZ"',
348 verbose headers   age: '247',
348 verbose headers   connection: 'keep-alive',
348 verbose headers   'x-served-by': 'cache-lcy1124-LCY',
348 verbose headers   'x-cache': 'HIT',
348 verbose headers   'x-cache-hits': '3',
348 verbose headers   'x-timer': 'S1455740667.700338,VS0,VE0',
348 verbose headers   vary: 'Accept' }
349 silly get cb [ 304,
349 silly get   { date: 'Wed, 17 Feb 2016 20:24:27 GMT',
349 silly get     via: '1.1 varnish',
349 silly get     'cache-control': 'max-age=300',
349 silly get     etag: '"2NWZIK35W498C0J58EVAI3KHZ"',
349 silly get     age: '247',
349 silly get     connection: 'keep-alive',
349 silly get     'x-served-by': 'cache-lcy1124-LCY',
349 silly get     'x-cache': 'HIT',
349 silly get     'x-cache-hits': '3',
349 silly get     'x-timer': 'S1455740667.700338,VS0,VE0',
349 silly get     vary: 'Accept' } ]
350 verbose etag https://registry.npmjs.org/destroy from cache
351 verbose get saving destroy to C:\Users\ian\AppData\Roaming\npm-cache\registry.npmjs.org\destroy\.cache.json
352 verbose correctMkdir C:\Users\ian\AppData\Roaming\npm-cache correctMkdir not in flight; initializing
353 http 304 https://registry.npmjs.org/statuses
354 verbose headers { date: 'Wed, 17 Feb 2016 20:24:27 GMT',
354 verbose headers   via: '1.1 varnish',
354 verbose headers   'cache-control': 'max-age=300',
354 verbose headers   etag: '"BG8HZ156WTTTOVONEJ2Q7S95F"',
354 verbose headers   age: '118',
354 verbose headers   connection: 'keep-alive',
354 verbose headers   'x-served-by': 'cache-lcy1130-LCY',
354 verbose headers   'x-cache': 'HIT',
354 verbose headers   'x-cache-hits': '2',
354 verbose headers   'x-timer': 'S1455740667.696914,VS0,VE0',
354 verbose headers   vary: 'Accept' }
355 silly get cb [ 304,
355 silly get   { date: 'Wed, 17 Feb 2016 20:24:27 GMT',
355 silly get     via: '1.1 varnish',
355 silly get     'cache-control': 'max-age=300',
355 silly get     etag: '"BG8HZ156WTTTOVONEJ2Q7S95F"',
355 silly get     age: '118',
355 silly get     connection: 'keep-alive',
355 silly get     'x-served-by': 'cache-lcy1130-LCY',
355 silly get     'x-cache': 'HIT',
355 silly get     'x-cache-hits': '2',
355 silly get     'x-timer': 'S1455740667.696914,VS0,VE0',
355 silly get     vary: 'Accept' } ]
356 verbose etag https://registry.npmjs.org/statuses from cache
357 verbose get saving statuses to C:\Users\ian\AppData\Roaming\npm-cache\registry.npmjs.org\statuses\.cache.json
358 verbose correctMkdir C:\Users\ian\AppData\Roaming\npm-cache correctMkdir not in flight; initializing
359 http 304 https://registry.npmjs.org/mime
360 verbose headers { date: 'Wed, 17 Feb 2016 20:24:27 GMT',
360 verbose headers   via: '1.1 varnish',
360 verbose headers   'cache-control': 'max-age=300',
360 verbose headers   etag: '"CV32D5GJ8KZXN1C8D6OFXS12S"',
360 verbose headers   age: '200',
360 verbose headers   connection: 'keep-alive',
360 verbose headers   'x-served-by': 'cache-lcy1130-LCY',
360 verbose headers   'x-cache': 'HIT',
360 verbose headers   'x-cache-hits': '6',
360 verbose headers   'x-timer': 'S1455740667.696443,VS0,VE0',
360 verbose headers   vary: 'Accept' }
361 silly get cb [ 304,
361 silly get   { date: 'Wed, 17 Feb 2016 20:24:27 GMT',
361 silly get     via: '1.1 varnish',
361 silly get     'cache-control': 'max-age=300',
361 silly get     etag: '"CV32D5GJ8KZXN1C8D6OFXS12S"',
361 silly get     age: '200',
361 silly get     connection: 'keep-alive',
361 silly get     'x-served-by': 'cache-lcy1130-LCY',
361 silly get     'x-cache': 'HIT',
361 silly get     'x-cache-hits': '6',
361 silly get     'x-timer': 'S1455740667.696443,VS0,VE0',
361 silly get     vary: 'Accept' } ]
362 verbose etag https://registry.npmjs.org/mime from cache
363 verbose get saving mime to C:\Users\ian\AppData\Roaming\npm-cache\registry.npmjs.org\mime\.cache.json
364 verbose correctMkdir C:\Users\ian\AppData\Roaming\npm-cache correctMkdir not in flight; initializing
365 silly resolveWithNewModule mime@1.3.4 checking installable status
366 silly cache add args [ 'mime@1.3.4', null ]
367 verbose cache add spec mime@1.3.4
368 silly cache add parsed spec Result {
368 silly cache add   raw: 'mime@1.3.4',
368 silly cache add   scope: null,
368 silly cache add   name: 'mime',
368 silly cache add   rawSpec: '1.3.4',
368 silly cache add   spec: '1.3.4',
368 silly cache add   type: 'version' }
369 silly addNamed mime@1.3.4
370 verbose addNamed "1.3.4" is a plain semver version for mime
371 silly mapToRegistry name mime
372 silly mapToRegistry using default registry
373 silly mapToRegistry registry https://registry.npmjs.org/
374 silly mapToRegistry uri https://registry.npmjs.org/mime
375 verbose addNameVersion registry:https://registry.npmjs.org/mime not in flight; fetching
376 silly resolveWithNewModule http-errors@1.3.1 checking installable status
377 silly cache add args [ 'http-errors@~1.3.1', null ]
378 verbose cache add spec http-errors@~1.3.1
379 silly cache add parsed spec Result {
379 silly cache add   raw: 'http-errors@~1.3.1',
379 silly cache add   scope: null,
379 silly cache add   name: 'http-errors',
379 silly cache add   rawSpec: '~1.3.1',
379 silly cache add   spec: '>=1.3.1 <1.4.0',
379 silly cache add   type: 'range' }
380 silly addNamed http-errors@>=1.3.1 <1.4.0
381 verbose addNamed ">=1.3.1 <1.4.0" is a valid semver range for http-errors
382 silly addNameRange { name: 'http-errors', range: '>=1.3.1 <1.4.0', hasData: false }
383 silly mapToRegistry name http-errors
384 silly mapToRegistry using default registry
385 silly mapToRegistry registry https://registry.npmjs.org/
386 silly mapToRegistry uri https://registry.npmjs.org/http-errors
387 verbose addNameRange registry:https://registry.npmjs.org/http-errors not in flight; fetching
388 silly resolveWithNewModule destroy@1.0.4 checking installable status
389 silly cache add args [ 'destroy@~1.0.4', null ]
390 verbose cache add spec destroy@~1.0.4
391 silly cache add parsed spec Result {
391 silly cache add   raw: 'destroy@~1.0.4',
391 silly cache add   scope: null,
391 silly cache add   name: 'destroy',
391 silly cache add   rawSpec: '~1.0.4',
391 silly cache add   spec: '>=1.0.4 <1.1.0',
391 silly cache add   type: 'range' }
392 silly addNamed destroy@>=1.0.4 <1.1.0
393 verbose addNamed ">=1.0.4 <1.1.0" is a valid semver range for destroy
394 silly addNameRange { name: 'destroy', range: '>=1.0.4 <1.1.0', hasData: false }
395 silly mapToRegistry name destroy
396 silly mapToRegistry using default registry
397 silly mapToRegistry registry https://registry.npmjs.org/
398 silly mapToRegistry uri https://registry.npmjs.org/destroy
399 verbose addNameRange registry:https://registry.npmjs.org/destroy not in flight; fetching
400 verbose get https://registry.npmjs.org/mime not expired, no request
401 verbose get https://registry.npmjs.org/http-errors not expired, no request
402 silly addNameRange number 2 { name: 'http-errors', range: '>=1.3.1 <1.4.0', hasData: true }
403 silly addNameRange versions [ 'http-errors',
403 silly addNameRange   [ '0.0.1',
403 silly addNameRange     '1.0.0',
403 silly addNameRange     '1.0.1',
403 silly addNameRange     '1.1.0',
403 silly addNameRange     '1.2.0',
403 silly addNameRange     '1.2.1',
403 silly addNameRange     '1.2.2',
403 silly addNameRange     '1.2.3',
403 silly addNameRange     '1.2.4',
403 silly addNameRange     '1.2.5',
403 silly addNameRange     '1.2.6',
403 silly addNameRange     '1.2.7',
403 silly addNameRange     '1.2.8',
403 silly addNameRange     '1.3.0',
403 silly addNameRange     '1.3.1',
403 silly addNameRange     '1.4.0' ] ]
404 silly addNamed http-errors@1.3.1
405 verbose addNamed "1.3.1" is a plain semver version for http-errors
406 verbose get https://registry.npmjs.org/destroy not expired, no request
407 silly addNameRange number 2 { name: 'destroy', range: '>=1.0.4 <1.1.0', hasData: true }
408 silly addNameRange versions [ 'destroy', [ '1.0.3', '1.0.4' ] ]
409 silly addNamed destroy@1.0.4
410 verbose addNamed "1.0.4" is a plain semver version for destroy
411 silly resolveWithNewModule statuses@1.2.1 checking installable status
412 silly cache add args [ 'statuses@~1.2.1', null ]
413 verbose cache add spec statuses@~1.2.1
414 silly cache add parsed spec Result {
414 silly cache add   raw: 'statuses@~1.2.1',
414 silly cache add   scope: null,
414 silly cache add   name: 'statuses',
414 silly cache add   rawSpec: '~1.2.1',
414 silly cache add   spec: '>=1.2.1 <1.3.0',
414 silly cache add   type: 'range' }
415 silly addNamed statuses@>=1.2.1 <1.3.0
416 verbose addNamed ">=1.2.1 <1.3.0" is a valid semver range for statuses
417 silly addNameRange { name: 'statuses', range: '>=1.2.1 <1.3.0', hasData: false }
418 silly mapToRegistry name statuses
419 silly mapToRegistry using default registry
420 silly mapToRegistry registry https://registry.npmjs.org/
421 silly mapToRegistry uri https://registry.npmjs.org/statuses
422 verbose addNameRange registry:https://registry.npmjs.org/statuses not in flight; fetching
423 silly cache afterAdd http-errors@1.3.1
424 verbose afterAdd C:\Users\ian\AppData\Roaming\npm-cache\http-errors\1.3.1\package\package.json not in flight; writing
425 verbose correctMkdir C:\Users\ian\AppData\Roaming\npm-cache correctMkdir not in flight; initializing
426 silly cache afterAdd mime@1.3.4
427 verbose afterAdd C:\Users\ian\AppData\Roaming\npm-cache\mime\1.3.4\package\package.json not in flight; writing
428 verbose correctMkdir C:\Users\ian\AppData\Roaming\npm-cache correctMkdir not in flight; initializing
429 verbose get https://registry.npmjs.org/statuses not expired, no request
430 silly addNameRange number 2 { name: 'statuses', range: '>=1.2.1 <1.3.0', hasData: true }
431 silly addNameRange versions [ 'statuses',
431 silly addNameRange   [ '1.0.1',
431 silly addNameRange     '1.0.2',
431 silly addNameRange     '1.0.3',
431 silly addNameRange     '1.0.4',
431 silly addNameRange     '1.1.0',
431 silly addNameRange     '1.1.1',
431 silly addNameRange     '1.2.0',
431 silly addNameRange     '1.2.1' ] ]
432 silly addNamed statuses@1.2.1
433 verbose addNamed "1.2.1" is a plain semver version for statuses
434 silly cache afterAdd destroy@1.0.4
435 verbose afterAdd C:\Users\ian\AppData\Roaming\npm-cache\destroy\1.0.4\package\package.json not in flight; writing
436 verbose correctMkdir C:\Users\ian\AppData\Roaming\npm-cache correctMkdir not in flight; initializing
437 verbose afterAdd C:\Users\ian\AppData\Roaming\npm-cache\mime\1.3.4\package\package.json written
438 verbose afterAdd C:\Users\ian\AppData\Roaming\npm-cache\http-errors\1.3.1\package\package.json written
439 silly cache afterAdd statuses@1.2.1
440 verbose afterAdd C:\Users\ian\AppData\Roaming\npm-cache\statuses\1.2.1\package\package.json not in flight; writing
441 verbose correctMkdir C:\Users\ian\AppData\Roaming\npm-cache correctMkdir not in flight; initializing
442 verbose afterAdd C:\Users\ian\AppData\Roaming\npm-cache\destroy\1.0.4\package\package.json written
443 verbose afterAdd C:\Users\ian\AppData\Roaming\npm-cache\statuses\1.2.1\package\package.json written
444 silly fetchNamedPackageData inherits
445 silly mapToRegistry name inherits
446 silly mapToRegistry using default registry
447 silly mapToRegistry registry https://registry.npmjs.org/
448 silly mapToRegistry uri https://registry.npmjs.org/inherits
449 verbose request uri https://registry.npmjs.org/inherits
450 verbose request no auth needed
451 info attempt registry request try #1 at 11:24:28 PM
452 verbose etag "9X8QQPTMEHBKEGT3NRFBWEXFL"
453 http request GET https://registry.npmjs.org/inherits
454 http 304 https://registry.npmjs.org/inherits
455 verbose headers { date: 'Wed, 17 Feb 2016 20:24:28 GMT',
455 verbose headers   via: '1.1 varnish',
455 verbose headers   'cache-control': 'max-age=300',
455 verbose headers   etag: '"9X8QQPTMEHBKEGT3NRFBWEXFL"',
455 verbose headers   age: '228',
455 verbose headers   connection: 'keep-alive',
455 verbose headers   'x-served-by': 'cache-lcy1135-LCY',
455 verbose headers   'x-cache': 'HIT',
455 verbose headers   'x-cache-hits': '1565',
455 verbose headers   'x-timer': 'S1455740668.325686,VS0,VE0',
455 verbose headers   vary: 'Accept' }
456 silly get cb [ 304,
456 silly get   { date: 'Wed, 17 Feb 2016 20:24:28 GMT',
456 silly get     via: '1.1 varnish',
456 silly get     'cache-control': 'max-age=300',
456 silly get     etag: '"9X8QQPTMEHBKEGT3NRFBWEXFL"',
456 silly get     age: '228',
456 silly get     connection: 'keep-alive',
456 silly get     'x-served-by': 'cache-lcy1135-LCY',
456 silly get     'x-cache': 'HIT',
456 silly get     'x-cache-hits': '1565',
456 silly get     'x-timer': 'S1455740668.325686,VS0,VE0',
456 silly get     vary: 'Accept' } ]
457 verbose etag https://registry.npmjs.org/inherits from cache
458 verbose get saving inherits to C:\Users\ian\AppData\Roaming\npm-cache\registry.npmjs.org\inherits\.cache.json
459 verbose correctMkdir C:\Users\ian\AppData\Roaming\npm-cache correctMkdir not in flight; initializing
460 silly resolveWithNewModule inherits@2.0.1 checking installable status
461 silly cache add args [ 'inherits@~2.0.1', null ]
462 verbose cache add spec inherits@~2.0.1
463 silly cache add parsed spec Result {
463 silly cache add   raw: 'inherits@~2.0.1',
463 silly cache add   scope: null,
463 silly cache add   name: 'inherits',
463 silly cache add   rawSpec: '~2.0.1',
463 silly cache add   spec: '>=2.0.1 <2.1.0',
463 silly cache add   type: 'range' }
464 silly addNamed inherits@>=2.0.1 <2.1.0
465 verbose addNamed ">=2.0.1 <2.1.0" is a valid semver range for inherits
466 silly addNameRange { name: 'inherits', range: '>=2.0.1 <2.1.0', hasData: false }
467 silly mapToRegistry name inherits
468 silly mapToRegistry using default registry
469 silly mapToRegistry registry https://registry.npmjs.org/
470 silly mapToRegistry uri https://registry.npmjs.org/inherits
471 verbose addNameRange registry:https://registry.npmjs.org/inherits not in flight; fetching
472 verbose get https://registry.npmjs.org/inherits not expired, no request
473 silly addNameRange number 2 { name: 'inherits', range: '>=2.0.1 <2.1.0', hasData: true }
474 silly addNameRange versions [ 'inherits', [ '1.0.0', '2.0.0', '2.0.1', '1.0.1', '1.0.2' ] ]
475 silly addNamed inherits@2.0.1
476 verbose addNamed "2.0.1" is a plain semver version for inherits
477 silly cache afterAdd inherits@2.0.1
478 verbose afterAdd C:\Users\ian\AppData\Roaming\npm-cache\inherits\2.0.1\package\package.json not in flight; writing
479 verbose correctMkdir C:\Users\ian\AppData\Roaming\npm-cache correctMkdir not in flight; initializing
480 verbose afterAdd C:\Users\ian\AppData\Roaming\npm-cache\inherits\2.0.1\package\package.json written
481 silly loadAllDepsIntoIdealTree Finishing
482 silly idealTree:prePrune angularapp@1.0.0
482 silly idealTree:prePrune +-- accepts@1.2.13
482 silly idealTree:prePrune +-- array-flatten@1.1.1
482 silly idealTree:prePrune +-- content-disposition@0.5.1
482 silly idealTree:prePrune +-- content-type@1.0.1
482 silly idealTree:prePrune +-- cookie-signature@1.0.6
482 silly idealTree:prePrune +-- cookie@0.1.5
482 silly idealTree:prePrune +-- debug@2.2.0
482 silly idealTree:prePrune +-- depd@1.1.0
482 silly idealTree:prePrune +-- destroy@1.0.4
482 silly idealTree:prePrune +-- ee-first@1.1.1
482 silly idealTree:prePrune +-- escape-html@1.0.3
482 silly idealTree:prePrune +-- etag@1.7.0
482 silly idealTree:prePrune +-- express@4.13.4
482 silly idealTree:prePrune +-- finalhandler@0.4.1
482 silly idealTree:prePrune +-- forwarded@0.1.0
482 silly idealTree:prePrune +-- fresh@0.3.0
482 silly idealTree:prePrune +-- http-errors@1.3.1
482 silly idealTree:prePrune +-- inherits@2.0.1
482 silly idealTree:prePrune +-- ipaddr.js@1.0.5
482 silly idealTree:prePrune +-- media-typer@0.3.0
482 silly idealTree:prePrune +-- merge-descriptors@1.0.1
482 silly idealTree:prePrune +-- methods@1.1.2
482 silly idealTree:prePrune +-- mime-db@1.22.0
482 silly idealTree:prePrune +-- mime-types@2.1.10
482 silly idealTree:prePrune +-- mime@1.3.4
482 silly idealTree:prePrune +-- ms@0.7.1
482 silly idealTree:prePrune +-- negotiator@0.5.3
482 silly idealTree:prePrune +-- on-finished@2.3.0
482 silly idealTree:prePrune +-- parseurl@1.3.1
482 silly idealTree:prePrune +-- path-to-regexp@0.1.7
482 silly idealTree:prePrune +-- proxy-addr@1.0.10
482 silly idealTree:prePrune +-- qs@4.0.0
482 silly idealTree:prePrune +-- range-parser@1.0.3
482 silly idealTree:prePrune +-- send@0.13.1
482 silly idealTree:prePrune +-- serve-static@1.10.2
482 silly idealTree:prePrune +-- statuses@1.2.1
482 silly idealTree:prePrune +-- type-is@1.6.11
482 silly idealTree:prePrune +-- unpipe@1.0.0
482 silly idealTree:prePrune +-- utils-merge@1.0.0
482 silly idealTree:prePrune `-- vary@1.0.1
483 silly loadIdealTree Finishing
484 silly currentTree angularapp@1.0.0
484 silly currentTree +-- accepts@1.2.13
484 silly currentTree +-- array-flatten@1.1.1
484 silly currentTree +-- content-disposition@0.5.1
484 silly currentTree +-- content-type@1.0.1
484 silly currentTree +-- cookie-signature@1.0.6
484 silly currentTree +-- cookie@0.1.5
484 silly currentTree +-- debug@2.2.0
484 silly currentTree +-- depd@1.1.0
484 silly currentTree +-- ee-first@1.1.1
484 silly currentTree +-- escape-html@1.0.3
484 silly currentTree +-- etag@1.7.0
484 silly currentTree +-- forwarded@0.1.0
484 silly currentTree +-- fresh@0.3.0
484 silly currentTree +-- ipaddr.js@1.0.5
484 silly currentTree +-- media-typer@0.3.0
484 silly currentTree +-- merge-descriptors@1.0.1
484 silly currentTree +-- methods@1.1.2
484 silly currentTree +-- mime-db@1.22.0
484 silly currentTree +-- mime-types@2.1.10
484 silly currentTree +-- ms@0.7.1
484 silly currentTree +-- negotiator@0.5.3
484 silly currentTree +-- on-finished@2.3.0
484 silly currentTree +-- parseurl@1.3.1
484 silly currentTree +-- path-to-regexp@0.1.7
484 silly currentTree +-- proxy-addr@1.0.10
484 silly currentTree +-- qs@4.0.0
484 silly currentTree `-- range-parser@1.0.3
485 silly idealTree angularapp@1.0.0
485 silly idealTree +-- accepts@1.2.13
485 silly idealTree +-- array-flatten@1.1.1
485 silly idealTree +-- content-disposition@0.5.1
485 silly idealTree +-- content-type@1.0.1
485 silly idealTree +-- cookie-signature@1.0.6
485 silly idealTree +-- cookie@0.1.5
485 silly idealTree +-- debug@2.2.0
485 silly idealTree +-- depd@1.1.0
485 silly idealTree +-- destroy@1.0.4
485 silly idealTree +-- ee-first@1.1.1
485 silly idealTree +-- escape-html@1.0.3
485 silly idealTree +-- etag@1.7.0
485 silly idealTree +-- express@4.13.4
485 silly idealTree +-- finalhandler@0.4.1
485 silly idealTree +-- forwarded@0.1.0
485 silly idealTree +-- fresh@0.3.0
485 silly idealTree +-- http-errors@1.3.1
485 silly idealTree +-- inherits@2.0.1
485 silly idealTree +-- ipaddr.js@1.0.5
485 silly idealTree +-- media-typer@0.3.0
485 silly idealTree +-- merge-descriptors@1.0.1
485 silly idealTree +-- methods@1.1.2
485 silly idealTree +-- mime-db@1.22.0
485 silly idealTree +-- mime-types@2.1.10
485 silly idealTree +-- mime@1.3.4
485 silly idealTree +-- ms@0.7.1
485 silly idealTree +-- negotiator@0.5.3
485 silly idealTree +-- on-finished@2.3.0
485 silly idealTree +-- parseurl@1.3.1
485 silly idealTree +-- path-to-regexp@0.1.7
485 silly idealTree +-- proxy-addr@1.0.10
485 silly idealTree +-- qs@4.0.0
485 silly idealTree +-- range-parser@1.0.3
485 silly idealTree +-- send@0.13.1
485 silly idealTree +-- serve-static@1.10.2
485 silly idealTree +-- statuses@1.2.1
485 silly idealTree +-- type-is@1.6.11
485 silly idealTree +-- unpipe@1.0.0
485 silly idealTree +-- utils-merge@1.0.0
485 silly idealTree `-- vary@1.0.1
486 silly generateActionsToTake Starting
487 silly install generateActionsToTake
488 silly generateActionsToTake Finishing
489 silly diffTrees action count 13
490 silly diffTrees add destroy@1.0.4
491 silly diffTrees add inherits@2.0.1
492 silly diffTrees add mime@1.3.4
493 silly diffTrees add statuses@1.2.1
494 silly diffTrees add http-errors@1.3.1
495 silly diffTrees add send@0.13.1
496 silly diffTrees add serve-static@1.10.2
497 silly diffTrees add type-is@1.6.11
498 silly diffTrees add unpipe@1.0.0
499 silly diffTrees add finalhandler@0.4.1
500 silly diffTrees add utils-merge@1.0.0
501 silly diffTrees add vary@1.0.1
502 silly diffTrees add express@4.13.4
503 silly decomposeActions action count 104
504 silly decomposeActions fetch destroy@1.0.4
505 silly decomposeActions extract destroy@1.0.4
506 silly decomposeActions test destroy@1.0.4
507 silly decomposeActions preinstall destroy@1.0.4
508 silly decomposeActions build destroy@1.0.4
509 silly decomposeActions install destroy@1.0.4
510 silly decomposeActions postinstall destroy@1.0.4
511 silly decomposeActions finalize destroy@1.0.4
512 silly decomposeActions fetch inherits@2.0.1
513 silly decomposeActions extract inherits@2.0.1
514 silly decomposeActions test inherits@2.0.1
515 silly decomposeActions preinstall inherits@2.0.1
516 silly decomposeActions build inherits@2.0.1
517 silly decomposeActions install inherits@2.0.1
518 silly decomposeActions postinstall inherits@2.0.1
519 silly decomposeActions finalize inherits@2.0.1
520 silly decomposeActions fetch mime@1.3.4
521 silly decomposeActions extract mime@1.3.4
522 silly decomposeActions test mime@1.3.4
523 silly decomposeActions preinstall mime@1.3.4
524 silly decomposeActions build mime@1.3.4
525 silly decomposeActions install mime@1.3.4
526 silly decomposeActions postinstall mime@1.3.4
527 silly decomposeActions finalize mime@1.3.4
528 silly decomposeActions fetch statuses@1.2.1
529 silly decomposeActions extract statuses@1.2.1
530 silly decomposeActions test statuses@1.2.1
531 silly decomposeActions preinstall statuses@1.2.1
532 silly decomposeActions build statuses@1.2.1
533 silly decomposeActions install statuses@1.2.1
534 silly decomposeActions postinstall statuses@1.2.1
535 silly decomposeActions finalize statuses@1.2.1
536 silly decomposeActions fetch http-errors@1.3.1
537 silly decomposeActions extract http-errors@1.3.1
538 silly decomposeActions test http-errors@1.3.1
539 silly decomposeActions preinstall http-errors@1.3.1
540 silly decomposeActions build http-errors@1.3.1
541 silly decomposeActions install http-errors@1.3.1
542 silly decomposeActions postinstall http-errors@1.3.1
543 silly decomposeActions finalize http-errors@1.3.1
544 silly decomposeActions fetch send@0.13.1
545 silly decomposeActions extract send@0.13.1
546 silly decomposeActions test send@0.13.1
547 silly decomposeActions preinstall send@0.13.1
548 silly decomposeActions build send@0.13.1
549 silly decomposeActions install send@0.13.1
550 silly decomposeActions postinstall send@0.13.1
551 silly decomposeActions finalize send@0.13.1
552 silly decomposeActions fetch serve-static@1.10.2
553 silly decomposeActions extract serve-static@1.10.2
554 silly decomposeActions test serve-static@1.10.2
555 silly decomposeActions preinstall serve-static@1.10.2
556 silly decomposeActions build serve-static@1.10.2
557 silly decomposeActions install serve-static@1.10.2
558 silly decomposeActions postinstall serve-static@1.10.2
559 silly decomposeActions finalize serve-static@1.10.2
560 silly decomposeActions fetch type-is@1.6.11
561 silly decomposeActions extract type-is@1.6.11
562 silly decomposeActions test type-is@1.6.11
563 silly decomposeActions preinstall type-is@1.6.11
564 silly decomposeActions build type-is@1.6.11
565 silly decomposeActions install type-is@1.6.11
566 silly decomposeActions postinstall type-is@1.6.11
567 silly decomposeActions finalize type-is@1.6.11
568 silly decomposeActions fetch unpipe@1.0.0
569 silly decomposeActions extract unpipe@1.0.0
570 silly decomposeActions test unpipe@1.0.0
571 silly decomposeActions preinstall unpipe@1.0.0
572 silly decomposeActions build unpipe@1.0.0
573 silly decomposeActions install unpipe@1.0.0
574 silly decomposeActions postinstall unpipe@1.0.0
575 silly decomposeActions finalize unpipe@1.0.0
576 silly decomposeActions fetch finalhandler@0.4.1
577 silly decomposeActions extract finalhandler@0.4.1
578 silly decomposeActions test finalhandler@0.4.1
579 silly decomposeActions preinstall finalhandler@0.4.1
580 silly decomposeActions build finalhandler@0.4.1
581 silly decomposeActions install finalhandler@0.4.1
582 silly decomposeActions postinstall finalhandler@0.4.1
583 silly decomposeActions finalize finalhandler@0.4.1
584 silly decomposeActions fetch utils-merge@1.0.0
585 silly decomposeActions extract utils-merge@1.0.0
586 silly decomposeActions test utils-merge@1.0.0
587 silly decomposeActions preinstall utils-merge@1.0.0
588 silly decomposeActions build utils-merge@1.0.0
589 silly decomposeActions install utils-merge@1.0.0
590 silly decomposeActions postinstall utils-merge@1.0.0
591 silly decomposeActions finalize utils-merge@1.0.0
592 silly decomposeActions fetch vary@1.0.1
593 silly decomposeActions extract vary@1.0.1
594 silly decomposeActions test vary@1.0.1
595 silly decomposeActions preinstall vary@1.0.1
596 silly decomposeActions build vary@1.0.1
597 silly decomposeActions install vary@1.0.1
598 silly decomposeActions postinstall vary@1.0.1
599 silly decomposeActions finalize vary@1.0.1
600 silly decomposeActions fetch express@4.13.4
601 silly decomposeActions extract express@4.13.4
602 silly decomposeActions test express@4.13.4
603 silly decomposeActions preinstall express@4.13.4
604 silly decomposeActions build express@4.13.4
605 silly decomposeActions install express@4.13.4
606 silly decomposeActions postinstall express@4.13.4
607 silly decomposeActions finalize express@4.13.4
608 silly executeActions Starting
609 silly install executeActions
610 silly doSerial global-install 0
611 silly doParallel fetch 13
612 verbose correctMkdir C:\Users\ian\AppData\Roaming\npm-cache\_locks correctMkdir not in flight; initializing
613 verbose lock using C:\Users\ian\AppData\Roaming\npm-cache\_locks\staging-bab28d16e55a62db.lock for C:\Users\ian\Dropbox\WebApps\led\angularapp\node_modules\.staging
614 silly doParallel extract 13
615 silly extract destroy@1.0.4
616 silly extract inherits@2.0.1
617 silly extract mime@1.3.4
618 silly extract statuses@1.2.1
619 silly extract http-errors@1.3.1
620 silly extract send@0.13.1
621 silly extract serve-static@1.10.2
622 silly extract type-is@1.6.11
623 silly extract unpipe@1.0.0
624 silly extract finalhandler@0.4.1
625 silly extract utils-merge@1.0.0
626 silly extract vary@1.0.1
627 silly extract express@4.13.4
628 verbose unbuild node_modules\.staging\destroy-47d9b0cc
629 verbose unbuild node_modules\.staging\inherits-080d72d5
630 verbose unbuild node_modules\.staging\statuses-b4c273db
631 verbose unbuild node_modules\.staging\http-errors-e175d9eb
632 verbose unbuild node_modules\.staging\send-c6e32f8e
633 verbose unbuild node_modules\.staging\serve-static-282159d0
634 verbose unbuild node_modules\.staging\type-is-39738d35
635 verbose unbuild node_modules\.staging\unpipe-d24f9b96
636 verbose unbuild node_modules\.staging\finalhandler-fc4b6e31
637 verbose unbuild node_modules\.staging\utils-merge-668020e2
638 verbose unbuild node_modules\.staging\vary-df5a0c34
639 verbose unbuild node_modules\.staging\express-74f44cc4
640 verbose unbuild node_modules\.staging\mime-92a50aea
641 silly gentlyRm C:\Users\ian\Dropbox\WebApps\led\angularapp\node_modules\.staging\destroy-47d9b0cc is being purged from base C:\Users\ian\Dropbox\WebApps\led\angularapp
642 verbose gentlyRm don't care about contents; nuking C:\Users\ian\Dropbox\WebApps\led\angularapp\node_modules\.staging\destroy-47d9b0cc
643 silly gentlyRm C:\Users\ian\Dropbox\WebApps\led\angularapp\node_modules\.staging\inherits-080d72d5 is being purged from base C:\Users\ian\Dropbox\WebApps\led\angularapp
644 verbose gentlyRm don't care about contents; nuking C:\Users\ian\Dropbox\WebApps\led\angularapp\node_modules\.staging\inherits-080d72d5
645 silly gentlyRm C:\Users\ian\Dropbox\WebApps\led\angularapp\node_modules\.staging\statuses-b4c273db is being purged from base C:\Users\ian\Dropbox\WebApps\led\angularapp
646 verbose gentlyRm don't care about contents; nuking C:\Users\ian\Dropbox\WebApps\led\angularapp\node_modules\.staging\statuses-b4c273db
647 silly gentlyRm C:\Users\ian\Dropbox\WebApps\led\angularapp\node_modules\.staging\http-errors-e175d9eb is being purged from base C:\Users\ian\Dropbox\WebApps\led\angularapp
648 verbose gentlyRm don't care about contents; nuking C:\Users\ian\Dropbox\WebApps\led\angularapp\node_modules\.staging\http-errors-e175d9eb
649 silly gentlyRm C:\Users\ian\Dropbox\WebApps\led\angularapp\node_modules\.staging\send-c6e32f8e is being purged from base C:\Users\ian\Dropbox\WebApps\led\angularapp
650 verbose gentlyRm don't care about contents; nuking C:\Users\ian\Dropbox\WebApps\led\angularapp\node_modules\.staging\send-c6e32f8e
651 silly gentlyRm C:\Users\ian\Dropbox\WebApps\led\angularapp\node_modules\.staging\serve-static-282159d0 is being purged from base C:\Users\ian\Dropbox\WebApps\led\angularapp
652 verbose gentlyRm don't care about contents; nuking C:\Users\ian\Dropbox\WebApps\led\angularapp\node_modules\.staging\serve-static-282159d0
653 silly gentlyRm C:\Users\ian\Dropbox\WebApps\led\angularapp\node_modules\.staging\type-is-39738d35 is being purged from base C:\Users\ian\Dropbox\WebApps\led\angularapp
654 verbose gentlyRm don't care about contents; nuking C:\Users\ian\Dropbox\WebApps\led\angularapp\node_modules\.staging\type-is-39738d35
655 silly gentlyRm C:\Users\ian\Dropbox\WebApps\led\angularapp\node_modules\.staging\unpipe-d24f9b96 is being purged from base C:\Users\ian\Dropbox\WebApps\led\angularapp
656 verbose gentlyRm don't care about contents; nuking C:\Users\ian\Dropbox\WebApps\led\angularapp\node_modules\.staging\unpipe-d24f9b96
657 silly gentlyRm C:\Users\ian\Dropbox\WebApps\led\angularapp\node_modules\.staging\finalhandler-fc4b6e31 is being purged from base C:\Users\ian\Dropbox\WebApps\led\angularapp
658 verbose gentlyRm don't care about contents; nuking C:\Users\ian\Dropbox\WebApps\led\angularapp\node_modules\.staging\finalhandler-fc4b6e31
659 silly gentlyRm C:\Users\ian\Dropbox\WebApps\led\angularapp\node_modules\.staging\utils-merge-668020e2 is being purged from base C:\Users\ian\Dropbox\WebApps\led\angularapp
660 verbose gentlyRm don't care about contents; nuking C:\Users\ian\Dropbox\WebApps\led\angularapp\node_modules\.staging\utils-merge-668020e2
661 silly gentlyRm C:\Users\ian\Dropbox\WebApps\led\angularapp\node_modules\.staging\vary-df5a0c34 is being purged from base C:\Users\ian\Dropbox\WebApps\led\angularapp
662 verbose gentlyRm don't care about contents; nuking C:\Users\ian\Dropbox\WebApps\led\angularapp\node_modules\.staging\vary-df5a0c34
663 silly gentlyRm C:\Users\ian\Dropbox\WebApps\led\angularapp\node_modules\.staging\express-74f44cc4 is being purged from base C:\Users\ian\Dropbox\WebApps\led\angularapp
664 verbose gentlyRm don't care about contents; nuking C:\Users\ian\Dropbox\WebApps\led\angularapp\node_modules\.staging\express-74f44cc4
665 verbose tar unpack C:\Users\ian\AppData\Roaming\npm-cache\destroy\1.0.4\package.tgz
666 verbose tar unpacking to C:\Users\ian\Dropbox\WebApps\led\angularapp\node_modules\.staging\destroy-47d9b0cc
667 silly gentlyRm C:\Users\ian\Dropbox\WebApps\led\angularapp\node_modules\.staging\destroy-47d9b0cc is being purged
668 verbose gentlyRm don't care about contents; nuking C:\Users\ian\Dropbox\WebApps\led\angularapp\node_modules\.staging\destroy-47d9b0cc
669 verbose tar unpack C:\Users\ian\AppData\Roaming\npm-cache\inherits\2.0.1\package.tgz
670 verbose tar unpacking to C:\Users\ian\Dropbox\WebApps\led\angularapp\node_modules\.staging\inherits-080d72d5
671 silly gentlyRm C:\Users\ian\Dropbox\WebApps\led\angularapp\node_modules\.staging\inherits-080d72d5 is being purged
672 verbose gentlyRm don't care about contents; nuking C:\Users\ian\Dropbox\WebApps\led\angularapp\node_modules\.staging\inherits-080d72d5
673 silly gentlyRm C:\Users\ian\Dropbox\WebApps\led\angularapp\node_modules\.staging\mime-92a50aea is being purged from base C:\Users\ian\Dropbox\WebApps\led\angularapp
674 verbose gentlyRm don't care about contents; nuking C:\Users\ian\Dropbox\WebApps\led\angularapp\node_modules\.staging\mime-92a50aea
675 verbose tar unpack C:\Users\ian\AppData\Roaming\npm-cache\statuses\1.2.1\package.tgz
676 verbose tar unpacking to C:\Users\ian\Dropbox\WebApps\led\angularapp\node_modules\.staging\statuses-b4c273db
677 silly gentlyRm C:\Users\ian\Dropbox\WebApps\led\angularapp\node_modules\.staging\statuses-b4c273db is being purged
678 verbose gentlyRm don't care about contents; nuking C:\Users\ian\Dropbox\WebApps\led\angularapp\node_modules\.staging\statuses-b4c273db
679 verbose tar unpack C:\Users\ian\AppData\Roaming\npm-cache\http-errors\1.3.1\package.tgz
680 verbose tar unpacking to C:\Users\ian\Dropbox\WebApps\led\angularapp\node_modules\.staging\http-errors-e175d9eb
681 silly gentlyRm C:\Users\ian\Dropbox\WebApps\led\angularapp\node_modules\.staging\http-errors-e175d9eb is being purged
682 verbose gentlyRm don't care about contents; nuking C:\Users\ian\Dropbox\WebApps\led\angularapp\node_modules\.staging\http-errors-e175d9eb
683 verbose tar unpack C:\Users\ian\AppData\Roaming\npm-cache\send\0.13.1\package.tgz
684 verbose tar unpacking to C:\Users\ian\Dropbox\WebApps\led\angularapp\node_modules\.staging\send-c6e32f8e
685 silly gentlyRm C:\Users\ian\Dropbox\WebApps\led\angularapp\node_modules\.staging\send-c6e32f8e is being purged
686 verbose gentlyRm don't care about contents; nuking C:\Users\ian\Dropbox\WebApps\led\angularapp\node_modules\.staging\send-c6e32f8e
687 verbose tar unpack C:\Users\ian\AppData\Roaming\npm-cache\serve-static\1.10.2\package.tgz
688 verbose tar unpacking to C:\Users\ian\Dropbox\WebApps\led\angularapp\node_modules\.staging\serve-static-282159d0
689 silly gentlyRm C:\Users\ian\Dropbox\WebApps\led\angularapp\node_modules\.staging\serve-static-282159d0 is being purged
690 verbose gentlyRm don't care about contents; nuking C:\Users\ian\Dropbox\WebApps\led\angularapp\node_modules\.staging\serve-static-282159d0
691 verbose tar unpack C:\Users\ian\AppData\Roaming\npm-cache\type-is\1.6.11\package.tgz
692 verbose tar unpacking to C:\Users\ian\Dropbox\WebApps\led\angularapp\node_modules\.staging\type-is-39738d35
693 silly gentlyRm C:\Users\ian\Dropbox\WebApps\led\angularapp\node_modules\.staging\type-is-39738d35 is being purged
694 verbose gentlyRm don't care about contents; nuking C:\Users\ian\Dropbox\WebApps\led\angularapp\node_modules\.staging\type-is-39738d35
695 verbose tar unpack C:\Users\ian\AppData\Roaming\npm-cache\unpipe\1.0.0\package.tgz
696 verbose tar unpacking to C:\Users\ian\Dropbox\WebApps\led\angularapp\node_modules\.staging\unpipe-d24f9b96
697 silly gentlyRm C:\Users\ian\Dropbox\WebApps\led\angularapp\node_modules\.staging\unpipe-d24f9b96 is being purged
698 verbose gentlyRm don't care about contents; nuking C:\Users\ian\Dropbox\WebApps\led\angularapp\node_modules\.staging\unpipe-d24f9b96
699 verbose tar unpack C:\Users\ian\AppData\Roaming\npm-cache\finalhandler\0.4.1\package.tgz
700 verbose tar unpacking to C:\Users\ian\Dropbox\WebApps\led\angularapp\node_modules\.staging\finalhandler-fc4b6e31
701 silly gentlyRm C:\Users\ian\Dropbox\WebApps\led\angularapp\node_modules\.staging\finalhandler-fc4b6e31 is being purged
702 verbose gentlyRm don't care about contents; nuking C:\Users\ian\Dropbox\WebApps\led\angularapp\node_modules\.staging\finalhandler-fc4b6e31
703 verbose tar unpack C:\Users\ian\AppData\Roaming\npm-cache\utils-merge\1.0.0\package.tgz
704 verbose tar unpacking to C:\Users\ian\Dropbox\WebApps\led\angularapp\node_modules\.staging\utils-merge-668020e2
705 silly gentlyRm C:\Users\ian\Dropbox\WebApps\led\angularapp\node_modules\.staging\utils-merge-668020e2 is being purged
706 verbose gentlyRm don't care about contents; nuking C:\Users\ian\Dropbox\WebApps\led\angularapp\node_modules\.staging\utils-merge-668020e2
707 verbose tar unpack C:\Users\ian\AppData\Roaming\npm-cache\vary\1.0.1\package.tgz
708 verbose tar unpacking to C:\Users\ian\Dropbox\WebApps\led\angularapp\node_modules\.staging\vary-df5a0c34
709 silly gentlyRm C:\Users\ian\Dropbox\WebApps\led\angularapp\node_modules\.staging\vary-df5a0c34 is being purged
710 verbose gentlyRm don't care about contents; nuking C:\Users\ian\Dropbox\WebApps\led\angularapp\node_modules\.staging\vary-df5a0c34
711 verbose tar unpack C:\Users\ian\AppData\Roaming\npm-cache\express\4.13.4\package.tgz
712 verbose tar unpacking to C:\Users\ian\Dropbox\WebApps\led\angularapp\node_modules\.staging\express-74f44cc4
713 silly gentlyRm C:\Users\ian\Dropbox\WebApps\led\angularapp\node_modules\.staging\express-74f44cc4 is being purged
714 verbose gentlyRm don't care about contents; nuking C:\Users\ian\Dropbox\WebApps\led\angularapp\node_modules\.staging\express-74f44cc4
715 silly gunzTarPerm modes [ '777', '666' ]
716 silly gunzTarPerm modes [ '777', '666' ]
717 verbose tar unpack C:\Users\ian\AppData\Roaming\npm-cache\mime\1.3.4\package.tgz
718 verbose tar unpacking to C:\Users\ian\Dropbox\WebApps\led\angularapp\node_modules\.staging\mime-92a50aea
719 silly gentlyRm C:\Users\ian\Dropbox\WebApps\led\angularapp\node_modules\.staging\mime-92a50aea is being purged
720 verbose gentlyRm don't care about contents; nuking C:\Users\ian\Dropbox\WebApps\led\angularapp\node_modules\.staging\mime-92a50aea
721 silly gunzTarPerm modes [ '777', '666' ]
722 silly gunzTarPerm modes [ '777', '666' ]
723 silly gunzTarPerm modes [ '777', '666' ]
724 silly gunzTarPerm modes [ '777', '666' ]
725 silly gunzTarPerm modes [ '777', '666' ]
726 silly gunzTarPerm modes [ '777', '666' ]
727 silly gunzTarPerm modes [ '777', '666' ]
728 silly gunzTarPerm modes [ '777', '666' ]
729 silly gunzTarPerm modes [ '777', '666' ]
730 silly gunzTarPerm modes [ '777', '666' ]
731 silly gunzTarPerm modes [ '777', '666' ]
732 silly gunzTarPerm extractEntry package.json
733 silly gunzTarPerm extractEntry package.json
734 silly gunzTarPerm modified mode [ 'package.json', 420, 438 ]
735 silly gunzTarPerm extractEntry package.json
736 silly gunzTarPerm extractEntry package.json
737 silly gunzTarPerm extractEntry package.json
738 silly gunzTarPerm extractEntry package.json
739 silly gunzTarPerm extractEntry package.json
740 silly gunzTarPerm extractEntry package.json
741 silly gunzTarPerm extractEntry package.json
742 silly gunzTarPerm extractEntry package.json
743 silly gunzTarPerm modified mode [ 'package.json', 420, 438 ]
744 silly gunzTarPerm extractEntry package.json
745 silly gunzTarPerm extractEntry package.json
746 silly gunzTarPerm extractEntry package.json
747 silly gunzTarPerm modified mode [ 'package.json', 420, 438 ]
748 silly gunzTarPerm extractEntry README.md
749 silly gunzTarPerm extractEntry LICENSE
750 silly gunzTarPerm extractEntry README.md
751 silly gunzTarPerm modified mode [ 'README.md', 420, 438 ]
752 silly gunzTarPerm extractEntry LICENSE
753 silly gunzTarPerm modified mode [ 'LICENSE', 420, 438 ]
754 silly gunzTarPerm extractEntry README.md
755 silly gunzTarPerm extractEntry LICENSE
756 silly gunzTarPerm extractEntry README.md
757 silly gunzTarPerm extractEntry LICENSE
758 silly gunzTarPerm extractEntry README.md
759 silly gunzTarPerm extractEntry LICENSE
760 silly gunzTarPerm extractEntry README.md
761 silly gunzTarPerm extractEntry LICENSE
762 silly gunzTarPerm extractEntry README.md
763 silly gunzTarPerm extractEntry LICENSE
764 silly gunzTarPerm extractEntry README.md
765 silly gunzTarPerm extractEntry LICENSE
766 silly gunzTarPerm extractEntry README.md
767 silly gunzTarPerm extractEntry LICENSE
768 silly gunzTarPerm extractEntry README.md
769 silly gunzTarPerm modified mode [ 'README.md', 420, 438 ]
770 silly gunzTarPerm extractEntry LICENSE
771 silly gunzTarPerm modified mode [ 'LICENSE', 420, 438 ]
772 silly gunzTarPerm extractEntry README.md
773 silly gunzTarPerm extractEntry LICENSE
774 silly gunzTarPerm extractEntry LICENSE
775 silly gunzTarPerm extractEntry index.js
776 silly gunzTarPerm extractEntry .npmignore
777 silly gunzTarPerm modified mode [ '.npmignore', 420, 438 ]
778 silly gunzTarPerm extractEntry README.md
779 silly gunzTarPerm modified mode [ 'README.md', 420, 438 ]
780 silly gunzTarPerm extractEntry index.js
781 silly gunzTarPerm extractEntry HISTORY.md
782 silly gunzTarPerm extractEntry index.js
783 silly gunzTarPerm extractEntry codes.json
784 silly gunzTarPerm extractEntry index.js
785 silly gunzTarPerm extractEntry HISTORY.md
786 silly gunzTarPerm extractEntry index.js
787 silly gunzTarPerm extractEntry inherits.js
788 silly gunzTarPerm modified mode [ 'inherits.js', 420, 438 ]
789 silly gunzTarPerm extractEntry inherits_browser.js
790 silly gunzTarPerm modified mode [ 'inherits_browser.js', 420, 438 ]
791 silly gunzTarPerm extractEntry index.js
792 silly gunzTarPerm extractEntry HISTORY.md
793 silly gunzTarPerm extractEntry index.js
794 silly gunzTarPerm modified mode [ 'index.js', 420, 438 ]
795 silly gunzTarPerm extractEntry .travis.yml
796 silly gunzTarPerm modified mode [ '.travis.yml', 420, 438 ]
797 silly gunzTarPerm extractEntry index.js
798 silly gunzTarPerm extractEntry HISTORY.md
799 silly gunzTarPerm extractEntry History.md
800 silly gunzTarPerm extractEntry Readme.md
801 silly gunzTarPerm extractEntry lib/application.js
802 silly gunzTarPerm extractEntry lib/express.js
803 silly gunzTarPerm extractEntry lib/request.js
804 silly gunzTarPerm extractEntry lib/response.js
805 silly gunzTarPerm extractEntry lib/utils.js
806 silly gunzTarPerm extractEntry lib/view.js
807 silly gunzTarPerm extractEntry lib/middleware/init.js
808 silly gunzTarPerm extractEntry lib/middleware/query.js
809 silly gunzTarPerm extractEntry lib/router/index.js
810 silly gunzTarPerm extractEntry lib/router/layer.js
811 silly gunzTarPerm extractEntry lib/router/route.js
812 silly gunzTarPerm extractEntry LICENSE
813 silly gunzTarPerm modified mode [ 'LICENSE', 420, 438 ]
814 silly gunzTarPerm extractEntry cli.js
815 silly gunzTarPerm modified mode [ 'cli.js', 420, 438 ]
816 silly gunzTarPerm extractEntry index.js
817 silly gunzTarPerm extractEntry HISTORY.md
818 silly gunzTarPerm extractEntry index.js
819 silly gunzTarPerm extractEntry HISTORY.md
820 silly gunzTarPerm extractEntry index.js
821 silly gunzTarPerm extractEntry HISTORY.md
822 silly gunzTarPerm extractEntry mime.js
823 silly gunzTarPerm modified mode [ 'mime.js', 420, 438 ]
824 silly gunzTarPerm extractEntry build/build.js
825 silly gunzTarPerm modified mode [ 'build/build.js', 420, 438 ]
826 silly gunzTarPerm extractEntry test.js
827 silly gunzTarPerm modified mode [ 'test.js', 420, 438 ]
828 silly gunzTarPerm extractEntry build/test.js
829 silly gunzTarPerm modified mode [ 'build/test.js', 420, 438 ]
830 silly gunzTarPerm extractEntry types.json
831 silly gunzTarPerm modified mode [ 'types.json', 420, 438 ]
832 silly gentlyRm C:\Users\ian\Dropbox\WebApps\led\angularapp\node_modules\.staging\destroy-47d9b0cc\node_modules is being purged
833 verbose gentlyRm don't care about contents; nuking C:\Users\ian\Dropbox\WebApps\led\angularapp\node_modules\.staging\destroy-47d9b0cc\node_modules
834 silly gentlyRm C:\Users\ian\Dropbox\WebApps\led\angularapp\node_modules\.staging\vary-df5a0c34\node_modules is being purged
835 verbose gentlyRm don't care about contents; nuking C:\Users\ian\Dropbox\WebApps\led\angularapp\node_modules\.staging\vary-df5a0c34\node_modules
836 silly gentlyRm C:\Users\ian\Dropbox\WebApps\led\angularapp\node_modules\.staging\utils-merge-668020e2\node_modules is being purged
837 verbose gentlyRm don't care about contents; nuking C:\Users\ian\Dropbox\WebApps\led\angularapp\node_modules\.staging\utils-merge-668020e2\node_modules
838 silly gentlyRm C:\Users\ian\Dropbox\WebApps\led\angularapp\node_modules\.staging\statuses-b4c273db\node_modules is being purged
839 verbose gentlyRm don't care about contents; nuking C:\Users\ian\Dropbox\WebApps\led\angularapp\node_modules\.staging\statuses-b4c273db\node_modules
840 silly gentlyRm C:\Users\ian\Dropbox\WebApps\led\angularapp\node_modules\.staging\unpipe-d24f9b96\node_modules is being purged
841 verbose gentlyRm don't care about contents; nuking C:\Users\ian\Dropbox\WebApps\led\angularapp\node_modules\.staging\unpipe-d24f9b96\node_modules
842 silly gentlyRm C:\Users\ian\Dropbox\WebApps\led\angularapp\node_modules\.staging\type-is-39738d35\node_modules is being purged
843 verbose gentlyRm don't care about contents; nuking C:\Users\ian\Dropbox\WebApps\led\angularapp\node_modules\.staging\type-is-39738d35\node_modules
844 silly gentlyRm C:\Users\ian\Dropbox\WebApps\led\angularapp\node_modules\.staging\finalhandler-fc4b6e31\node_modules is being purged
845 verbose gentlyRm don't care about contents; nuking C:\Users\ian\Dropbox\WebApps\led\angularapp\node_modules\.staging\finalhandler-fc4b6e31\node_modules
846 silly gentlyRm C:\Users\ian\Dropbox\WebApps\led\angularapp\node_modules\.staging\serve-static-282159d0\node_modules is being purged
847 verbose gentlyRm don't care about contents; nuking C:\Users\ian\Dropbox\WebApps\led\angularapp\node_modules\.staging\serve-static-282159d0\node_modules
848 silly gentlyRm C:\Users\ian\Dropbox\WebApps\led\angularapp\node_modules\.staging\send-c6e32f8e\node_modules is being purged
849 verbose gentlyRm don't care about contents; nuking C:\Users\ian\Dropbox\WebApps\led\angularapp\node_modules\.staging\send-c6e32f8e\node_modules
850 silly gentlyRm C:\Users\ian\Dropbox\WebApps\led\angularapp\node_modules\.staging\http-errors-e175d9eb\node_modules is being purged
851 verbose gentlyRm don't care about contents; nuking C:\Users\ian\Dropbox\WebApps\led\angularapp\node_modules\.staging\http-errors-e175d9eb\node_modules
852 silly gentlyRm C:\Users\ian\Dropbox\WebApps\led\angularapp\node_modules\.staging\inherits-080d72d5\node_modules is being purged
853 verbose gentlyRm don't care about contents; nuking C:\Users\ian\Dropbox\WebApps\led\angularapp\node_modules\.staging\inherits-080d72d5\node_modules
854 silly gentlyRm C:\Users\ian\Dropbox\WebApps\led\angularapp\node_modules\.staging\mime-92a50aea\node_modules is being purged
855 verbose gentlyRm don't care about contents; nuking C:\Users\ian\Dropbox\WebApps\led\angularapp\node_modules\.staging\mime-92a50aea\node_modules
856 silly gentlyRm C:\Users\ian\Dropbox\WebApps\led\angularapp\node_modules\.staging\express-74f44cc4\node_modules is being purged
857 verbose gentlyRm don't care about contents; nuking C:\Users\ian\Dropbox\WebApps\led\angularapp\node_modules\.staging\express-74f44cc4\node_modules
858 silly doParallel preinstall 13
859 silly preinstall destroy@1.0.4 C:\Users\ian\Dropbox\WebApps\led\angularapp\node_modules\.staging\destroy-47d9b0cc
860 info lifecycle destroy@1.0.4~preinstall: destroy@1.0.4
861 silly preinstall inherits@2.0.1 C:\Users\ian\Dropbox\WebApps\led\angularapp\node_modules\.staging\inherits-080d72d5
862 info lifecycle inherits@2.0.1~preinstall: inherits@2.0.1
863 silly preinstall mime@1.3.4 C:\Users\ian\Dropbox\WebApps\led\angularapp\node_modules\.staging\mime-92a50aea
864 info lifecycle mime@1.3.4~preinstall: mime@1.3.4
865 silly preinstall statuses@1.2.1 C:\Users\ian\Dropbox\WebApps\led\angularapp\node_modules\.staging\statuses-b4c273db
866 info lifecycle statuses@1.2.1~preinstall: statuses@1.2.1
867 silly preinstall http-errors@1.3.1 C:\Users\ian\Dropbox\WebApps\led\angularapp\node_modules\.staging\http-errors-e175d9eb
868 info lifecycle http-errors@1.3.1~preinstall: http-errors@1.3.1
869 silly preinstall send@0.13.1 C:\Users\ian\Dropbox\WebApps\led\angularapp\node_modules\.staging\send-c6e32f8e
870 info lifecycle send@0.13.1~preinstall: send@0.13.1
871 silly preinstall serve-static@1.10.2 C:\Users\ian\Dropbox\WebApps\led\angularapp\node_modules\.staging\serve-static-282159d0
872 info lifecycle serve-static@1.10.2~preinstall: serve-static@1.10.2
873 silly preinstall type-is@1.6.11 C:\Users\ian\Dropbox\WebApps\led\angularapp\node_modules\.staging\type-is-39738d35
874 info lifecycle type-is@1.6.11~preinstall: type-is@1.6.11
875 silly preinstall unpipe@1.0.0 C:\Users\ian\Dropbox\WebApps\led\angularapp\node_modules\.staging\unpipe-d24f9b96
876 info lifecycle unpipe@1.0.0~preinstall: unpipe@1.0.0
877 silly preinstall finalhandler@0.4.1 C:\Users\ian\Dropbox\WebApps\led\angularapp\node_modules\.staging\finalhandler-fc4b6e31
878 info lifecycle finalhandler@0.4.1~preinstall: finalhandler@0.4.1
879 silly preinstall utils-merge@1.0.0 C:\Users\ian\Dropbox\WebApps\led\angularapp\node_modules\.staging\utils-merge-668020e2
880 info lifecycle utils-merge@1.0.0~preinstall: utils-merge@1.0.0
881 silly preinstall vary@1.0.1 C:\Users\ian\Dropbox\WebApps\led\angularapp\node_modules\.staging\vary-df5a0c34
882 info lifecycle vary@1.0.1~preinstall: vary@1.0.1
883 silly preinstall express@4.13.4 C:\Users\ian\Dropbox\WebApps\led\angularapp\node_modules\.staging\express-74f44cc4
884 info lifecycle express@4.13.4~preinstall: express@4.13.4
885 silly lifecycle destroy@1.0.4~preinstall: no script for preinstall, continuing
886 silly lifecycle inherits@2.0.1~preinstall: no script for preinstall, continuing
887 silly lifecycle mime@1.3.4~preinstall: no script for preinstall, continuing
888 silly lifecycle statuses@1.2.1~preinstall: no script for preinstall, continuing
889 silly lifecycle http-errors@1.3.1~preinstall: no script for preinstall, continuing
890 silly lifecycle send@0.13.1~preinstall: no script for preinstall, continuing
891 silly lifecycle serve-static@1.10.2~preinstall: no script for preinstall, continuing
892 silly lifecycle type-is@1.6.11~preinstall: no script for preinstall, continuing
893 silly lifecycle unpipe@1.0.0~preinstall: no script for preinstall, continuing
894 silly lifecycle finalhandler@0.4.1~preinstall: no script for preinstall, continuing
895 silly lifecycle utils-merge@1.0.0~preinstall: no script for preinstall, continuing
896 silly lifecycle vary@1.0.1~preinstall: no script for preinstall, continuing
897 silly lifecycle express@4.13.4~preinstall: no script for preinstall, continuing
898 silly doReverseSerial remove 0
899 silly doSerial move 0
900 silly doSerial finalize 13
901 silly finalize C:\Users\ian\Dropbox\WebApps\led\angularapp\node_modules\destroy
902 silly finalize C:\Users\ian\Dropbox\WebApps\led\angularapp\node_modules\inherits
903 silly finalize C:\Users\ian\Dropbox\WebApps\led\angularapp\node_modules\mime
904 silly finalize C:\Users\ian\Dropbox\WebApps\led\angularapp\node_modules\statuses
905 silly finalize C:\Users\ian\Dropbox\WebApps\led\angularapp\node_modules\http-errors
906 silly finalize C:\Users\ian\Dropbox\WebApps\led\angularapp\node_modules\send
907 silly finalize C:\Users\ian\Dropbox\WebApps\led\angularapp\node_modules\serve-static
908 silly finalize C:\Users\ian\Dropbox\WebApps\led\angularapp\node_modules\type-is
909 silly finalize C:\Users\ian\Dropbox\WebApps\led\angularapp\node_modules\unpipe
910 verbose unlock done using C:\Users\ian\AppData\Roaming\npm-cache\_locks\staging-bab28d16e55a62db.lock for C:\Users\ian\Dropbox\WebApps\led\angularapp\node_modules\.staging
911 silly rollbackFailedOptional Starting
912 silly rollbackFailedOptional Finishing
913 silly runTopLevelLifecycles Starting
914 silly runTopLevelLifecycles Finishing
915 silly install printInstalled
916 warn angularapp@1.0.0 No repository field.
917 verbose stack Error: EBUSY: resource busy or locked, rename 'C:\Users\ian\Dropbox\WebApps\led\angularapp\node_modules\.staging\unpipe-d24f9b96' -> 'C:\Users\ian\Dropbox\WebApps\led\angularapp\node_modules\unpipe'
917 verbose stack     at destStatted (C:\Users\ian\AppData\Roaming\npm\node_modules\npm\lib\install\action\finalize.js:25:7)
917 verbose stack     at FSReqWrap.oncomplete (fs.js:82:15)
917 verbose stack
917 verbose stack Error: EBUSY: resource busy or locked, rename 'C:\Users\ian\Dropbox\WebApps\led\angularapp\node_modules\.staging\unpipe-d24f9b96' -> 'C:\Users\ian\Dropbox\WebApps\led\angularapp\node_modules\unpipe'
917 verbose stack     at Error (native)
918 verbose cwd C:\Users\ian\Dropbox\WebApps\led\angularapp
919 error Windows_NT 6.3.9600
920 error argv "C:\\Program Files\\nodejs\\node.exe" "C:\\Users\\ian\\AppData\\Roaming\\npm\\node_modules\\npm\\bin\\npm-cli.js" "install" "express" "--save"
921 error node v4.2.6
922 error npm  v3.7.2
923 error path C:\Users\ian\Dropbox\WebApps\led\angularapp\node_modules\.staging\unpipe-d24f9b96
924 error code EBUSY
925 error errno -4082
926 error syscall rename
927 error EBUSY: resource busy or locked, rename 'C:\Users\ian\Dropbox\WebApps\led\angularapp\node_modules\.staging\unpipe-d24f9b96' -> 'C:\Users\ian\Dropbox\WebApps\led\angularapp\node_modules\unpipe'
928 error If you need help, you may report this error at:
928 error     <https://github.com/npm/npm/issues>
929 verbose exit [ -4082, true ]
